<?xml version="1.0" encoding="UTF-8"?>
<testsuite xmlns:xsi="http://www.w3.org/2001/XMLSchema-instance" xsi:noNamespaceSchemaLocation="https://maven.apache.org/surefire/maven-surefire-plugin/xsd/surefire-test-report-3.0.xsd" version="3.0" name="TestSuite" time="1,642.581" tests="3" errors="0" skipped="0" failures="0">
  <properties>
    <property name="java.specification.version" value="17"/>
    <property name="webdriver.chrome.driver" value="C:\Users\Ankush\.cache\selenium\chromedriver\win32\109.0.5414.74\chromedriver.exe"/>
    <property name="sun.cpu.isalist" value="amd64"/>
    <property name="sun.jnu.encoding" value="Cp1252"/>
    <property name="sun.awt.enableExtraMouseButtons" value="true"/>
    <property name="java.class.path" value="D:\ANKUSH\NEW_HORIZON\target\test-classes;D:\ANKUSH\NEW_HORIZON\target\classes;C:\Users\Ankush\.m2\repository\org\seleniumhq\selenium\selenium-java\4.6.0\selenium-java-4.6.0.jar;C:\Users\Ankush\.m2\repository\org\seleniumhq\selenium\selenium-api\4.6.0\selenium-api-4.6.0.jar;C:\Users\Ankush\.m2\repository\org\seleniumhq\selenium\selenium-chrome-driver\4.6.0\selenium-chrome-driver-4.6.0.jar;C:\Users\Ankush\.m2\repository\com\google\auto\service\auto-service-annotations\1.0.1\auto-service-annotations-1.0.1.jar;C:\Users\Ankush\.m2\repository\com\google\auto\service\auto-service\1.0.1\auto-service-1.0.1.jar;C:\Users\Ankush\.m2\repository\com\google\auto\auto-common\1.2\auto-common-1.2.jar;C:\Users\Ankush\.m2\repository\com\google\guava\guava\31.1-jre\guava-31.1-jre.jar;C:\Users\Ankush\.m2\repository\com\google\guava\failureaccess\1.0.1\failureaccess-1.0.1.jar;C:\Users\Ankush\.m2\repository\com\google\guava\listenablefuture\9999.0-empty-to-avoid-conflict-with-guava\listenablefuture-9999.0-empty-to-avoid-conflict-with-guava.jar;C:\Users\Ankush\.m2\repository\com\google\code\findbugs\jsr305\3.0.2\jsr305-3.0.2.jar;C:\Users\Ankush\.m2\repository\org\checkerframework\checker-qual\3.12.0\checker-qual-3.12.0.jar;C:\Users\Ankush\.m2\repository\com\google\errorprone\error_prone_annotations\2.11.0\error_prone_annotations-2.11.0.jar;C:\Users\Ankush\.m2\repository\com\google\j2objc\j2objc-annotations\1.3\j2objc-annotations-1.3.jar;C:\Users\Ankush\.m2\repository\org\seleniumhq\selenium\selenium-chromium-driver\4.6.0\selenium-chromium-driver-4.6.0.jar;C:\Users\Ankush\.m2\repository\org\seleniumhq\selenium\selenium-json\4.6.0\selenium-json-4.6.0.jar;C:\Users\Ankush\.m2\repository\org\seleniumhq\selenium\selenium-devtools-v105\4.6.0\selenium-devtools-v105-4.6.0.jar;C:\Users\Ankush\.m2\repository\org\seleniumhq\selenium\selenium-devtools-v106\4.6.0\selenium-devtools-v106-4.6.0.jar;C:\Users\Ankush\.m2\repository\org\seleniumhq\selenium\selenium-devtools-v107\4.6.0\selenium-devtools-v107-4.6.0.jar;C:\Users\Ankush\.m2\repository\org\seleniumhq\selenium\selenium-devtools-v85\4.6.0\selenium-devtools-v85-4.6.0.jar;C:\Users\Ankush\.m2\repository\org\seleniumhq\selenium\selenium-edge-driver\4.6.0\selenium-edge-driver-4.6.0.jar;C:\Users\Ankush\.m2\repository\org\seleniumhq\selenium\selenium-firefox-driver\4.6.0\selenium-firefox-driver-4.6.0.jar;C:\Users\Ankush\.m2\repository\org\seleniumhq\selenium\selenium-ie-driver\4.6.0\selenium-ie-driver-4.6.0.jar;C:\Users\Ankush\.m2\repository\org\seleniumhq\selenium\selenium-remote-driver\4.6.0\selenium-remote-driver-4.6.0.jar;C:\Users\Ankush\.m2\repository\io\netty\netty-buffer\4.1.84.Final\netty-buffer-4.1.84.Final.jar;C:\Users\Ankush\.m2\repository\io\netty\netty-codec-http\4.1.84.Final\netty-codec-http-4.1.84.Final.jar;C:\Users\Ankush\.m2\repository\io\netty\netty-codec\4.1.84.Final\netty-codec-4.1.84.Final.jar;C:\Users\Ankush\.m2\repository\io\netty\netty-handler\4.1.84.Final\netty-handler-4.1.84.Final.jar;C:\Users\Ankush\.m2\repository\io\netty\netty-common\4.1.84.Final\netty-common-4.1.84.Final.jar;C:\Users\Ankush\.m2\repository\io\netty\netty-transport-classes-epoll\4.1.84.Final\netty-transport-classes-epoll-4.1.84.Final.jar;C:\Users\Ankush\.m2\repository\io\netty\netty-transport-classes-kqueue\4.1.84.Final\netty-transport-classes-kqueue-4.1.84.Final.jar;C:\Users\Ankush\.m2\repository\io\netty\netty-transport-native-epoll\4.1.84.Final\netty-transport-native-epoll-4.1.84.Final.jar;C:\Users\Ankush\.m2\repository\io\netty\netty-transport-native-kqueue\4.1.84.Final\netty-transport-native-kqueue-4.1.84.Final.jar;C:\Users\Ankush\.m2\repository\io\netty\netty-transport-native-unix-common\4.1.84.Final\netty-transport-native-unix-common-4.1.84.Final.jar;C:\Users\Ankush\.m2\repository\io\netty\netty-transport\4.1.84.Final\netty-transport-4.1.84.Final.jar;C:\Users\Ankush\.m2\repository\io\netty\netty-resolver\4.1.84.Final\netty-resolver-4.1.84.Final.jar;C:\Users\Ankush\.m2\repository\io\opentelemetry\opentelemetry-api\1.19.0\opentelemetry-api-1.19.0.jar;C:\Users\Ankush\.m2\repository\io\opentelemetry\opentelemetry-context\1.19.0\opentelemetry-context-1.19.0.jar;C:\Users\Ankush\.m2\repository\io\opentelemetry\opentelemetry-exporter-logging\1.19.0\opentelemetry-exporter-logging-1.19.0.jar;C:\Users\Ankush\.m2\repository\io\opentelemetry\opentelemetry-sdk-metrics\1.19.0\opentelemetry-sdk-metrics-1.19.0.jar;C:\Users\Ankush\.m2\repository\io\opentelemetry\opentelemetry-sdk-logs\1.19.0-alpha\opentelemetry-sdk-logs-1.19.0-alpha.jar;C:\Users\Ankush\.m2\repository\io\opentelemetry\opentelemetry-api-logs\1.19.0-alpha\opentelemetry-api-logs-1.19.0-alpha.jar;C:\Users\Ankush\.m2\repository\io\opentelemetry\opentelemetry-sdk-common\1.19.0\opentelemetry-sdk-common-1.19.0.jar;C:\Users\Ankush\.m2\repository\io\opentelemetry\opentelemetry-sdk-extension-autoconfigure-spi\1.19.0\opentelemetry-sdk-extension-autoconfigure-spi-1.19.0.jar;C:\Users\Ankush\.m2\repository\io\opentelemetry\opentelemetry-sdk-extension-autoconfigure\1.19.0-alpha\opentelemetry-sdk-extension-autoconfigure-1.19.0-alpha.jar;C:\Users\Ankush\.m2\repository\io\opentelemetry\opentelemetry-exporter-common\1.19.0\opentelemetry-exporter-common-1.19.0.jar;C:\Users\Ankush\.m2\repository\io\opentelemetry\opentelemetry-sdk-trace\1.19.0\opentelemetry-sdk-trace-1.19.0.jar;C:\Users\Ankush\.m2\repository\io\opentelemetry\opentelemetry-sdk\1.19.0\opentelemetry-sdk-1.19.0.jar;C:\Users\Ankush\.m2\repository\io\opentelemetry\opentelemetry-semconv\1.19.0-alpha\opentelemetry-semconv-1.19.0-alpha.jar;C:\Users\Ankush\.m2\repository\io\ous\jtoml\2.0.0\jtoml-2.0.0.jar;C:\Users\Ankush\.m2\repository\net\bytebuddy\byte-buddy\1.12.18\byte-buddy-1.12.18.jar;C:\Users\Ankush\.m2\repository\org\apache\commons\commons-exec\1.3\commons-exec-1.3.jar;C:\Users\Ankush\.m2\repository\org\asynchttpclient\async-http-client\2.12.3\async-http-client-2.12.3.jar;C:\Users\Ankush\.m2\repository\org\asynchttpclient\async-http-client-netty-utils\2.12.3\async-http-client-netty-utils-2.12.3.jar;C:\Users\Ankush\.m2\repository\io\netty\netty-codec-socks\4.1.60.Final\netty-codec-socks-4.1.60.Final.jar;C:\Users\Ankush\.m2\repository\io\netty\netty-handler-proxy\4.1.60.Final\netty-handler-proxy-4.1.60.Final.jar;C:\Users\Ankush\.m2\repository\io\netty\netty-transport-native-epoll\4.1.60.Final\netty-transport-native-epoll-4.1.60.Final-linux-x86_64.jar;C:\Users\Ankush\.m2\repository\io\netty\netty-transport-native-kqueue\4.1.60.Final\netty-transport-native-kqueue-4.1.60.Final-osx-x86_64.jar;C:\Users\Ankush\.m2\repository\com\typesafe\netty\netty-reactive-streams\2.0.4\netty-reactive-streams-2.0.4.jar;C:\Users\Ankush\.m2\repository\com\sun\activation\jakarta.activation\1.2.2\jakarta.activation-1.2.2.jar;C:\Users\Ankush\.m2\repository\org\seleniumhq\selenium\selenium-http\4.6.0\selenium-http-4.6.0.jar;C:\Users\Ankush\.m2\repository\dev\failsafe\failsafe\3.3.0\failsafe-3.3.0.jar;C:\Users\Ankush\.m2\repository\org\seleniumhq\selenium\selenium-manager\4.6.0\selenium-manager-4.6.0.jar;C:\Users\Ankush\.m2\repository\org\seleniumhq\selenium\selenium-safari-driver\4.6.0\selenium-safari-driver-4.6.0.jar;C:\Users\Ankush\.m2\repository\org\seleniumhq\selenium\selenium-support\4.6.0\selenium-support-4.6.0.jar;C:\Users\Ankush\.m2\repository\io\github\bonigarcia\webdrivermanager\5.1.1\webdrivermanager-5.1.1.jar;C:\Users\Ankush\.m2\repository\org\slf4j\slf4j-api\1.7.36\slf4j-api-1.7.36.jar;C:\Users\Ankush\.m2\repository\com\google\code\gson\gson\2.9.0\gson-2.9.0.jar;C:\Users\Ankush\.m2\repository\com\github\docker-java\docker-java\3.2.13\docker-java-3.2.13.jar;C:\Users\Ankush\.m2\repository\com\github\docker-java\docker-java-core\3.2.13\docker-java-core-3.2.13.jar;C:\Users\Ankush\.m2\repository\com\github\docker-java\docker-java-api\3.2.13\docker-java-api-3.2.13.jar;C:\Users\Ankush\.m2\repository\com\fasterxml\jackson\core\jackson-annotations\2.10.3\jackson-annotations-2.10.3.jar;C:\Users\Ankush\.m2\repository\com\fasterxml\jackson\core\jackson-databind\2.10.3\jackson-databind-2.10.3.jar;C:\Users\Ankush\.m2\repository\com\fasterxml\jackson\core\jackson-core\2.10.3\jackson-core-2.10.3.jar;C:\Users\Ankush\.m2\repository\org\bouncycastle\bcpkix-jdk15on\1.64\bcpkix-jdk15on-1.64.jar;C:\Users\Ankush\.m2\repository\org\bouncycastle\bcprov-jdk15on\1.64\bcprov-jdk15on-1.64.jar;C:\Users\Ankush\.m2\repository\org\slf4j\jcl-over-slf4j\1.7.30\jcl-over-slf4j-1.7.30.jar;C:\Users\Ankush\.m2\repository\com\github\docker-java\docker-java-transport-httpclient5\3.2.13\docker-java-transport-httpclient5-3.2.13.jar;C:\Users\Ankush\.m2\repository\com\github\docker-java\docker-java-transport\3.2.13\docker-java-transport-3.2.13.jar;C:\Users\Ankush\.m2\repository\net\java\dev\jna\jna\5.8.0\jna-5.8.0.jar;C:\Users\Ankush\.m2\repository\org\brotli\dec\0.1.2\dec-0.1.2.jar;C:\Users\Ankush\.m2\repository\org\apache\commons\commons-lang3\3.12.0\commons-lang3-3.12.0.jar;C:\Users\Ankush\.m2\repository\org\apache\httpcomponents\client5\httpclient5\5.1.3\httpclient5-5.1.3.jar;C:\Users\Ankush\.m2\repository\org\apache\httpcomponents\core5\httpcore5\5.1.3\httpcore5-5.1.3.jar;C:\Users\Ankush\.m2\repository\org\apache\httpcomponents\core5\httpcore5-h2\5.1.3\httpcore5-h2-5.1.3.jar;C:\Users\Ankush\.m2\repository\org\apache\poi\poi\5.2.3\poi-5.2.3.jar;C:\Users\Ankush\.m2\repository\commons-codec\commons-codec\1.15\commons-codec-1.15.jar;C:\Users\Ankush\.m2\repository\org\apache\commons\commons-collections4\4.4\commons-collections4-4.4.jar;C:\Users\Ankush\.m2\repository\org\apache\commons\commons-math3\3.6.1\commons-math3-3.6.1.jar;C:\Users\Ankush\.m2\repository\commons-io\commons-io\2.11.0\commons-io-2.11.0.jar;C:\Users\Ankush\.m2\repository\com\zaxxer\SparseBitSet\1.2\SparseBitSet-1.2.jar;C:\Users\Ankush\.m2\repository\org\apache\poi\poi-ooxml\5.2.3\poi-ooxml-5.2.3.jar;C:\Users\Ankush\.m2\repository\org\apache\poi\poi-ooxml-lite\5.2.3\poi-ooxml-lite-5.2.3.jar;C:\Users\Ankush\.m2\repository\org\apache\xmlbeans\xmlbeans\5.1.1\xmlbeans-5.1.1.jar;C:\Users\Ankush\.m2\repository\org\apache\commons\commons-compress\1.21\commons-compress-1.21.jar;C:\Users\Ankush\.m2\repository\com\github\virtuald\curvesapi\1.07\curvesapi-1.07.jar;C:\Users\Ankush\.m2\repository\org\testng\testng\7.3.0\testng-7.3.0.jar;C:\Users\Ankush\.m2\repository\com\beust\jcommander\1.78\jcommander-1.78.jar;C:\Users\Ankush\.m2\repository\org\apache\ant\ant\1.10.3\ant-1.10.3.jar;C:\Users\Ankush\.m2\repository\org\apache\ant\ant-launcher\1.10.3\ant-launcher-1.10.3.jar;C:\Users\Ankush\.m2\repository\junit\junit\4.12\junit-4.12.jar;C:\Users\Ankush\.m2\repository\org\hamcrest\hamcrest-core\1.3\hamcrest-core-1.3.jar;C:\Users\Ankush\.m2\repository\com\google\inject\guice\4.2.2\guice-4.2.2-no_aop.jar;C:\Users\Ankush\.m2\repository\javax\inject\javax.inject\1\javax.inject-1.jar;C:\Users\Ankush\.m2\repository\aopalliance\aopalliance\1.0\aopalliance-1.0.jar;C:\Users\Ankush\.m2\repository\org\yaml\snakeyaml\1.21\snakeyaml-1.21.jar;C:\Users\Ankush\.m2\repository\com\aventstack\extentreports\5.0.9\extentreports-5.0.9.jar;C:\Users\Ankush\.m2\repository\io\reactivex\rxjava3\rxjava\3.0.4\rxjava-3.0.4.jar;C:\Users\Ankush\.m2\repository\org\reactivestreams\reactive-streams\1.0.3\reactive-streams-1.0.3.jar;C:\Users\Ankush\.m2\repository\org\freemarker\freemarker\2.3.30\freemarker-2.3.30.jar;C:\Users\Ankush\.m2\repository\org\projectlombok\lombok\1.18.12\lombok-1.18.12.jar;C:\Users\Ankush\.m2\repository\org\apache\logging\log4j\log4j-core\2.17.2\log4j-core-2.17.2.jar;C:\Users\Ankush\.m2\repository\org\apache\logging\log4j\log4j-api\2.17.2\log4j-api-2.17.2.jar;C:\Users\Ankush\.m2\repository\com\github\stephenc\monte\monte-screen-recorder\0.7.7.0\monte-screen-recorder-0.7.7.0.jar;C:\Users\Ankush\.m2\repository\com\paulhammant\ngwebdriver\1.2\ngwebdriver-1.2.jar;"/>
    <property name="java.vm.vendor" value="Oracle Corporation"/>
    <property name="sun.arch.data.model" value="64"/>
    <property name="user.variant" value=""/>
    <property name="java.vendor.url" value="https://java.oracle.com/"/>
    <property name="user.timezone" value="Asia/Calcutta"/>
    <property name="os.name" value="Windows 10"/>
    <property name="java.vm.specification.version" value="17"/>
    <property name="sun.java.launcher" value="SUN_STANDARD"/>
    <property name="user.country" value="IN"/>
    <property name="sun.boot.library.path" value="C:\Program Files\Java\jdk-17\bin"/>
    <property name="sun.java.command" value="C:\Users\Ankush\AppData\Local\Temp\surefire8067674483598312031\surefirebooter16191342272817844621.jar C:\Users\Ankush\AppData\Local\Temp\surefire8067674483598312031 2023-02-09T15-32-32_005-jvmRun1 surefire4933169675081386073tmp surefire_012800977883759153385tmp"/>
    <property name="jdk.debug" value="release"/>
    <property name="surefire.test.class.path" value="D:\ANKUSH\NEW_HORIZON\target\test-classes;D:\ANKUSH\NEW_HORIZON\target\classes;C:\Users\Ankush\.m2\repository\org\seleniumhq\selenium\selenium-java\4.6.0\selenium-java-4.6.0.jar;C:\Users\Ankush\.m2\repository\org\seleniumhq\selenium\selenium-api\4.6.0\selenium-api-4.6.0.jar;C:\Users\Ankush\.m2\repository\org\seleniumhq\selenium\selenium-chrome-driver\4.6.0\selenium-chrome-driver-4.6.0.jar;C:\Users\Ankush\.m2\repository\com\google\auto\service\auto-service-annotations\1.0.1\auto-service-annotations-1.0.1.jar;C:\Users\Ankush\.m2\repository\com\google\auto\service\auto-service\1.0.1\auto-service-1.0.1.jar;C:\Users\Ankush\.m2\repository\com\google\auto\auto-common\1.2\auto-common-1.2.jar;C:\Users\Ankush\.m2\repository\com\google\guava\guava\31.1-jre\guava-31.1-jre.jar;C:\Users\Ankush\.m2\repository\com\google\guava\failureaccess\1.0.1\failureaccess-1.0.1.jar;C:\Users\Ankush\.m2\repository\com\google\guava\listenablefuture\9999.0-empty-to-avoid-conflict-with-guava\listenablefuture-9999.0-empty-to-avoid-conflict-with-guava.jar;C:\Users\Ankush\.m2\repository\com\google\code\findbugs\jsr305\3.0.2\jsr305-3.0.2.jar;C:\Users\Ankush\.m2\repository\org\checkerframework\checker-qual\3.12.0\checker-qual-3.12.0.jar;C:\Users\Ankush\.m2\repository\com\google\errorprone\error_prone_annotations\2.11.0\error_prone_annotations-2.11.0.jar;C:\Users\Ankush\.m2\repository\com\google\j2objc\j2objc-annotations\1.3\j2objc-annotations-1.3.jar;C:\Users\Ankush\.m2\repository\org\seleniumhq\selenium\selenium-chromium-driver\4.6.0\selenium-chromium-driver-4.6.0.jar;C:\Users\Ankush\.m2\repository\org\seleniumhq\selenium\selenium-json\4.6.0\selenium-json-4.6.0.jar;C:\Users\Ankush\.m2\repository\org\seleniumhq\selenium\selenium-devtools-v105\4.6.0\selenium-devtools-v105-4.6.0.jar;C:\Users\Ankush\.m2\repository\org\seleniumhq\selenium\selenium-devtools-v106\4.6.0\selenium-devtools-v106-4.6.0.jar;C:\Users\Ankush\.m2\repository\org\seleniumhq\selenium\selenium-devtools-v107\4.6.0\selenium-devtools-v107-4.6.0.jar;C:\Users\Ankush\.m2\repository\org\seleniumhq\selenium\selenium-devtools-v85\4.6.0\selenium-devtools-v85-4.6.0.jar;C:\Users\Ankush\.m2\repository\org\seleniumhq\selenium\selenium-edge-driver\4.6.0\selenium-edge-driver-4.6.0.jar;C:\Users\Ankush\.m2\repository\org\seleniumhq\selenium\selenium-firefox-driver\4.6.0\selenium-firefox-driver-4.6.0.jar;C:\Users\Ankush\.m2\repository\org\seleniumhq\selenium\selenium-ie-driver\4.6.0\selenium-ie-driver-4.6.0.jar;C:\Users\Ankush\.m2\repository\org\seleniumhq\selenium\selenium-remote-driver\4.6.0\selenium-remote-driver-4.6.0.jar;C:\Users\Ankush\.m2\repository\io\netty\netty-buffer\4.1.84.Final\netty-buffer-4.1.84.Final.jar;C:\Users\Ankush\.m2\repository\io\netty\netty-codec-http\4.1.84.Final\netty-codec-http-4.1.84.Final.jar;C:\Users\Ankush\.m2\repository\io\netty\netty-codec\4.1.84.Final\netty-codec-4.1.84.Final.jar;C:\Users\Ankush\.m2\repository\io\netty\netty-handler\4.1.84.Final\netty-handler-4.1.84.Final.jar;C:\Users\Ankush\.m2\repository\io\netty\netty-common\4.1.84.Final\netty-common-4.1.84.Final.jar;C:\Users\Ankush\.m2\repository\io\netty\netty-transport-classes-epoll\4.1.84.Final\netty-transport-classes-epoll-4.1.84.Final.jar;C:\Users\Ankush\.m2\repository\io\netty\netty-transport-classes-kqueue\4.1.84.Final\netty-transport-classes-kqueue-4.1.84.Final.jar;C:\Users\Ankush\.m2\repository\io\netty\netty-transport-native-epoll\4.1.84.Final\netty-transport-native-epoll-4.1.84.Final.jar;C:\Users\Ankush\.m2\repository\io\netty\netty-transport-native-kqueue\4.1.84.Final\netty-transport-native-kqueue-4.1.84.Final.jar;C:\Users\Ankush\.m2\repository\io\netty\netty-transport-native-unix-common\4.1.84.Final\netty-transport-native-unix-common-4.1.84.Final.jar;C:\Users\Ankush\.m2\repository\io\netty\netty-transport\4.1.84.Final\netty-transport-4.1.84.Final.jar;C:\Users\Ankush\.m2\repository\io\netty\netty-resolver\4.1.84.Final\netty-resolver-4.1.84.Final.jar;C:\Users\Ankush\.m2\repository\io\opentelemetry\opentelemetry-api\1.19.0\opentelemetry-api-1.19.0.jar;C:\Users\Ankush\.m2\repository\io\opentelemetry\opentelemetry-context\1.19.0\opentelemetry-context-1.19.0.jar;C:\Users\Ankush\.m2\repository\io\opentelemetry\opentelemetry-exporter-logging\1.19.0\opentelemetry-exporter-logging-1.19.0.jar;C:\Users\Ankush\.m2\repository\io\opentelemetry\opentelemetry-sdk-metrics\1.19.0\opentelemetry-sdk-metrics-1.19.0.jar;C:\Users\Ankush\.m2\repository\io\opentelemetry\opentelemetry-sdk-logs\1.19.0-alpha\opentelemetry-sdk-logs-1.19.0-alpha.jar;C:\Users\Ankush\.m2\repository\io\opentelemetry\opentelemetry-api-logs\1.19.0-alpha\opentelemetry-api-logs-1.19.0-alpha.jar;C:\Users\Ankush\.m2\repository\io\opentelemetry\opentelemetry-sdk-common\1.19.0\opentelemetry-sdk-common-1.19.0.jar;C:\Users\Ankush\.m2\repository\io\opentelemetry\opentelemetry-sdk-extension-autoconfigure-spi\1.19.0\opentelemetry-sdk-extension-autoconfigure-spi-1.19.0.jar;C:\Users\Ankush\.m2\repository\io\opentelemetry\opentelemetry-sdk-extension-autoconfigure\1.19.0-alpha\opentelemetry-sdk-extension-autoconfigure-1.19.0-alpha.jar;C:\Users\Ankush\.m2\repository\io\opentelemetry\opentelemetry-exporter-common\1.19.0\opentelemetry-exporter-common-1.19.0.jar;C:\Users\Ankush\.m2\repository\io\opentelemetry\opentelemetry-sdk-trace\1.19.0\opentelemetry-sdk-trace-1.19.0.jar;C:\Users\Ankush\.m2\repository\io\opentelemetry\opentelemetry-sdk\1.19.0\opentelemetry-sdk-1.19.0.jar;C:\Users\Ankush\.m2\repository\io\opentelemetry\opentelemetry-semconv\1.19.0-alpha\opentelemetry-semconv-1.19.0-alpha.jar;C:\Users\Ankush\.m2\repository\io\ous\jtoml\2.0.0\jtoml-2.0.0.jar;C:\Users\Ankush\.m2\repository\net\bytebuddy\byte-buddy\1.12.18\byte-buddy-1.12.18.jar;C:\Users\Ankush\.m2\repository\org\apache\commons\commons-exec\1.3\commons-exec-1.3.jar;C:\Users\Ankush\.m2\repository\org\asynchttpclient\async-http-client\2.12.3\async-http-client-2.12.3.jar;C:\Users\Ankush\.m2\repository\org\asynchttpclient\async-http-client-netty-utils\2.12.3\async-http-client-netty-utils-2.12.3.jar;C:\Users\Ankush\.m2\repository\io\netty\netty-codec-socks\4.1.60.Final\netty-codec-socks-4.1.60.Final.jar;C:\Users\Ankush\.m2\repository\io\netty\netty-handler-proxy\4.1.60.Final\netty-handler-proxy-4.1.60.Final.jar;C:\Users\Ankush\.m2\repository\io\netty\netty-transport-native-epoll\4.1.60.Final\netty-transport-native-epoll-4.1.60.Final-linux-x86_64.jar;C:\Users\Ankush\.m2\repository\io\netty\netty-transport-native-kqueue\4.1.60.Final\netty-transport-native-kqueue-4.1.60.Final-osx-x86_64.jar;C:\Users\Ankush\.m2\repository\com\typesafe\netty\netty-reactive-streams\2.0.4\netty-reactive-streams-2.0.4.jar;C:\Users\Ankush\.m2\repository\com\sun\activation\jakarta.activation\1.2.2\jakarta.activation-1.2.2.jar;C:\Users\Ankush\.m2\repository\org\seleniumhq\selenium\selenium-http\4.6.0\selenium-http-4.6.0.jar;C:\Users\Ankush\.m2\repository\dev\failsafe\failsafe\3.3.0\failsafe-3.3.0.jar;C:\Users\Ankush\.m2\repository\org\seleniumhq\selenium\selenium-manager\4.6.0\selenium-manager-4.6.0.jar;C:\Users\Ankush\.m2\repository\org\seleniumhq\selenium\selenium-safari-driver\4.6.0\selenium-safari-driver-4.6.0.jar;C:\Users\Ankush\.m2\repository\org\seleniumhq\selenium\selenium-support\4.6.0\selenium-support-4.6.0.jar;C:\Users\Ankush\.m2\repository\io\github\bonigarcia\webdrivermanager\5.1.1\webdrivermanager-5.1.1.jar;C:\Users\Ankush\.m2\repository\org\slf4j\slf4j-api\1.7.36\slf4j-api-1.7.36.jar;C:\Users\Ankush\.m2\repository\com\google\code\gson\gson\2.9.0\gson-2.9.0.jar;C:\Users\Ankush\.m2\repository\com\github\docker-java\docker-java\3.2.13\docker-java-3.2.13.jar;C:\Users\Ankush\.m2\repository\com\github\docker-java\docker-java-core\3.2.13\docker-java-core-3.2.13.jar;C:\Users\Ankush\.m2\repository\com\github\docker-java\docker-java-api\3.2.13\docker-java-api-3.2.13.jar;C:\Users\Ankush\.m2\repository\com\fasterxml\jackson\core\jackson-annotations\2.10.3\jackson-annotations-2.10.3.jar;C:\Users\Ankush\.m2\repository\com\fasterxml\jackson\core\jackson-databind\2.10.3\jackson-databind-2.10.3.jar;C:\Users\Ankush\.m2\repository\com\fasterxml\jackson\core\jackson-core\2.10.3\jackson-core-2.10.3.jar;C:\Users\Ankush\.m2\repository\org\bouncycastle\bcpkix-jdk15on\1.64\bcpkix-jdk15on-1.64.jar;C:\Users\Ankush\.m2\repository\org\bouncycastle\bcprov-jdk15on\1.64\bcprov-jdk15on-1.64.jar;C:\Users\Ankush\.m2\repository\org\slf4j\jcl-over-slf4j\1.7.30\jcl-over-slf4j-1.7.30.jar;C:\Users\Ankush\.m2\repository\com\github\docker-java\docker-java-transport-httpclient5\3.2.13\docker-java-transport-httpclient5-3.2.13.jar;C:\Users\Ankush\.m2\repository\com\github\docker-java\docker-java-transport\3.2.13\docker-java-transport-3.2.13.jar;C:\Users\Ankush\.m2\repository\net\java\dev\jna\jna\5.8.0\jna-5.8.0.jar;C:\Users\Ankush\.m2\repository\org\brotli\dec\0.1.2\dec-0.1.2.jar;C:\Users\Ankush\.m2\repository\org\apache\commons\commons-lang3\3.12.0\commons-lang3-3.12.0.jar;C:\Users\Ankush\.m2\repository\org\apache\httpcomponents\client5\httpclient5\5.1.3\httpclient5-5.1.3.jar;C:\Users\Ankush\.m2\repository\org\apache\httpcomponents\core5\httpcore5\5.1.3\httpcore5-5.1.3.jar;C:\Users\Ankush\.m2\repository\org\apache\httpcomponents\core5\httpcore5-h2\5.1.3\httpcore5-h2-5.1.3.jar;C:\Users\Ankush\.m2\repository\org\apache\poi\poi\5.2.3\poi-5.2.3.jar;C:\Users\Ankush\.m2\repository\commons-codec\commons-codec\1.15\commons-codec-1.15.jar;C:\Users\Ankush\.m2\repository\org\apache\commons\commons-collections4\4.4\commons-collections4-4.4.jar;C:\Users\Ankush\.m2\repository\org\apache\commons\commons-math3\3.6.1\commons-math3-3.6.1.jar;C:\Users\Ankush\.m2\repository\commons-io\commons-io\2.11.0\commons-io-2.11.0.jar;C:\Users\Ankush\.m2\repository\com\zaxxer\SparseBitSet\1.2\SparseBitSet-1.2.jar;C:\Users\Ankush\.m2\repository\org\apache\poi\poi-ooxml\5.2.3\poi-ooxml-5.2.3.jar;C:\Users\Ankush\.m2\repository\org\apache\poi\poi-ooxml-lite\5.2.3\poi-ooxml-lite-5.2.3.jar;C:\Users\Ankush\.m2\repository\org\apache\xmlbeans\xmlbeans\5.1.1\xmlbeans-5.1.1.jar;C:\Users\Ankush\.m2\repository\org\apache\commons\commons-compress\1.21\commons-compress-1.21.jar;C:\Users\Ankush\.m2\repository\com\github\virtuald\curvesapi\1.07\curvesapi-1.07.jar;C:\Users\Ankush\.m2\repository\org\testng\testng\7.3.0\testng-7.3.0.jar;C:\Users\Ankush\.m2\repository\com\beust\jcommander\1.78\jcommander-1.78.jar;C:\Users\Ankush\.m2\repository\org\apache\ant\ant\1.10.3\ant-1.10.3.jar;C:\Users\Ankush\.m2\repository\org\apache\ant\ant-launcher\1.10.3\ant-launcher-1.10.3.jar;C:\Users\Ankush\.m2\repository\junit\junit\4.12\junit-4.12.jar;C:\Users\Ankush\.m2\repository\org\hamcrest\hamcrest-core\1.3\hamcrest-core-1.3.jar;C:\Users\Ankush\.m2\repository\com\google\inject\guice\4.2.2\guice-4.2.2-no_aop.jar;C:\Users\Ankush\.m2\repository\javax\inject\javax.inject\1\javax.inject-1.jar;C:\Users\Ankush\.m2\repository\aopalliance\aopalliance\1.0\aopalliance-1.0.jar;C:\Users\Ankush\.m2\repository\org\yaml\snakeyaml\1.21\snakeyaml-1.21.jar;C:\Users\Ankush\.m2\repository\com\aventstack\extentreports\5.0.9\extentreports-5.0.9.jar;C:\Users\Ankush\.m2\repository\io\reactivex\rxjava3\rxjava\3.0.4\rxjava-3.0.4.jar;C:\Users\Ankush\.m2\repository\org\reactivestreams\reactive-streams\1.0.3\reactive-streams-1.0.3.jar;C:\Users\Ankush\.m2\repository\org\freemarker\freemarker\2.3.30\freemarker-2.3.30.jar;C:\Users\Ankush\.m2\repository\org\projectlombok\lombok\1.18.12\lombok-1.18.12.jar;C:\Users\Ankush\.m2\repository\org\apache\logging\log4j\log4j-core\2.17.2\log4j-core-2.17.2.jar;C:\Users\Ankush\.m2\repository\org\apache\logging\log4j\log4j-api\2.17.2\log4j-api-2.17.2.jar;C:\Users\Ankush\.m2\repository\com\github\stephenc\monte\monte-screen-recorder\0.7.7.0\monte-screen-recorder-0.7.7.0.jar;C:\Users\Ankush\.m2\repository\com\paulhammant\ngwebdriver\1.2\ngwebdriver-1.2.jar;"/>
    <property name="sun.cpu.endian" value="little"/>
    <property name="user.home" value="C:\Users\Ankush"/>
    <property name="user.language" value="en"/>
    <property name="java.specification.vendor" value="Oracle Corporation"/>
    <property name="java.version.date" value="2023-01-17"/>
    <property name="java.home" value="C:\Program Files\Java\jdk-17"/>
    <property name="file.separator" value="\"/>
    <property name="basedir" value="D:\ANKUSH\NEW_HORIZON"/>
    <property name="java.vm.compressedOopsMode" value="Zero based"/>
    <property name="line.separator" value="&#10;"/>
    <property name="java.vm.specification.vendor" value="Oracle Corporation"/>
    <property name="java.specification.name" value="Java Platform API Specification"/>
    <property name="surefire.real.class.path" value="C:\Users\Ankush\AppData\Local\Temp\surefire8067674483598312031\surefirebooter16191342272817844621.jar"/>
    <property name="user.script" value=""/>
    <property name="sun.management.compiler" value="HotSpot 64-Bit Tiered Compilers"/>
    <property name="java.runtime.version" value="17.0.6+9-LTS-190"/>
    <property name="user.name" value="ankush"/>
    <property name="path.separator" value=";"/>
    <property name="os.version" value="10.0"/>
    <property name="java.runtime.name" value="Java(TM) SE Runtime Environment"/>
    <property name="file.encoding" value="Cp1252"/>
    <property name="java.vm.name" value="Java HotSpot(TM) 64-Bit Server VM"/>
    <property name="localRepository" value="C:\Users\Ankush\.m2\repository"/>
    <property name="java.vendor.url.bug" value="https://bugreport.java.com/bugreport/"/>
    <property name="java.io.tmpdir" value="C:\Users\Ankush\AppData\Local\Temp\"/>
    <property name="java.version" value="17.0.6"/>
    <property name="user.dir" value="D:\ANKUSH\NEW_HORIZON"/>
    <property name="os.arch" value="amd64"/>
    <property name="java.vm.specification.name" value="Java Virtual Machine Specification"/>
    <property name="sun.os.patch.level" value=""/>
    <property name="native.encoding" value="Cp1252"/>
    <property name="java.library.path" value="C:\Program Files\Java\jdk-17\bin;C:\WINDOWS\Sun\Java\bin;C:\WINDOWS\system32;C:\WINDOWS;C:\Program Files\Common Files\Oracle\Java\javapath;C:\Program Files (x86)\Seagate Software\NOTES\;C:\Program Files (x86)\Seagate Software\NOTES\DATA\;C:\WINDOWS\system32;C:\WINDOWS;C:\WINDOWS\System32\Wbem;C:\WINDOWS\System32\WindowsPowerShell\v1.0\;C:\WINDOWS\System32\OpenSSH\;c:\Program Files (x86)\Microsoft SQL Server\100\Tools\Binn\;c:\Program Files\Microsoft SQL Server\100\Tools\Binn\;c:\Program Files\Microsoft SQL Server\100\DTS\Binn\;C:\Users\Ankush\.dnx\bin;C:\Program Files\Microsoft DNX\Dnvm\;C:\Program Files (x86)\Microsoft Team Foundation Server 2015 Power Tools\;C:\Program Files (x86)\Microsoft SQL Server\100\Tools\Binn\VSShell\Common7\IDE\;C:\Program Files (x86)\Microsoft SQL Server\100\DTS\Binn\;C:\Program Files (x86)\Windows Live\Shared;C:\Program Files\Microsoft VS Code\bin;C:\Program Files\dotnet\;C:\Program Files\Microsoft SQL Server\130\Tools\Binn\;C:\Program Files\nodejs\;C:\Program Files\apache-maven-3.8.6\bin;C:\Program Files\apache-maven-3.8.6\bin;C:\Program Files\Java\jdk-17\bin;C:\Program Files\Java\jdk-19\bin;C:\Users\Ankush\AppData\Local\Microsoft\WindowsApps;;."/>
    <property name="java.vm.info" value="mixed mode, sharing"/>
    <property name="java.vendor" value="Oracle Corporation"/>
    <property name="java.vm.version" value="17.0.6+9-LTS-190"/>
    <property name="sun.io.unicode.encoding" value="UnicodeLittle"/>
    <property name="java.class.version" value="61.0"/>
  </properties>
  <testcase name="Login" classname="purchase.LabourRateContractEntry" time="14.662">
    <system-out><![CDATA[Thu Feb 09 15:32:32 IST 2023
D:\ANKUSH\NEW_HORIZON\Reports\indexThu_Feb_09_15_32_32_IST_2023.html
D:\ANKUSH\NEW_HORIZON\ConfigFiles\LOGIN.properties
URL==http://192.168.0.147:8014/login
 test case  Started
D:\ANKUSH\NEW_HORIZON\ConfigFiles\LOGIN.properties
]]></system-out>
    <system-err><![CDATA[SLF4J: Failed to load class "org.slf4j.impl.StaticLoggerBinder".
SLF4J: Defaulting to no-operation (NOP) logger implementation
SLF4J: See http://www.slf4j.org/codes.html#StaticLoggerBinder for further details.
Starting ChromeDriver 109.0.5414.74 (e7c5703604daa9cc128ccf5a5d3e993513758913-refs/branch-heads/5414@{#1172}) on port 16007
Only local connections are allowed.
Please see https://chromedriver.chromium.org/security-considerations for suggestions on keeping ChromeDriver safe.
ChromeDriver was started successfully.
Feb 09, 2023 3:32:35 PM org.openqa.selenium.devtools.CdpVersionFinder findNearestMatch
WARNING: Unable to find an exact match for CDP version 109, so returning the closest version found: 107
]]></system-err>
  </testcase>
  <testcase name="LRC001" classname="purchase.LabourRateContractEntry" time="412.85">
    <system-out><![CDATA[ test case  complited
 test case  Started
D:\ANKUSH\NEW_HORIZON\ExcelFiles\purchase\LabourRateContractEntry.xlsx
Thread succsfully applied time ==3000ms
Thread succsfully applied time ==15000ms
Wait Statement Succesfully ExceutedS
Click Sucessfully====Calendor Field
[[ChromeDriver: chrome on WINDOWS (48eca6c056510b247dea537c871e402a)] -> xpath: //div[contains(@class,'jqx-calendar-title-content jqx-calendar-title-content-imms')]]
February
2023
Click Sucessfully====previous
January 2023
January
2023
Click Sucessfully====previous
December 2022
December
2022
Click Sucessfully====previous
November 2022
November
2022
Click Sucessfully====previous
October 2022
October
2022
Click Sucessfully==5==October 2022Date_
Thread succsfully applied time ==3000ms
Wait Statement Succesfully ExceutedS
Click Sucessfully====Calendor Field
[[ChromeDriver: chrome on WINDOWS (48eca6c056510b247dea537c871e402a)] -> xpath: (//div[contains(@class,'jqx-calendar-title-content jqx-calendar-title-content-imms')])[3]]
February
2023
Click Sucessfully====previous
January 2023
January
2023
Click Sucessfully====previous
December 2022
December
2022
Click Sucessfully====previous
November 2022
November
2022
Click Sucessfully====previous
October 2022
October
2022
Click Sucessfully==31==October 2022Date_
Thread succsfully applied time ==6000ms
Thread succsfully applied time ==5000ms
Click Sucessfully====Item code searchbtn
Click Sucessfully====itemsearchbtn
element click intercepted: Element <button _ngcontent-hbl-c10="" class="btn btn-outline-secondary btn-search border-0" type="button">...</button> is not clickable at point (416, 268). Other element would receive the click: <div columnindex="1" role="gridcell" style="left: 100px; z-index: 87; width:150px;" class="jqx-grid-cell jqx-grid-cell-imms jqx-item jqx-item-imms">...</div>
  (Session info: chrome=109.0.5414.120)
Build info: version: '4.6.0', revision: '79f1c02ae20'
System info: os.name: 'Windows 10', os.arch: 'amd64', os.version: '10.0', java.version: '17.0.6'
Driver info: org.openqa.selenium.chrome.ChromeDriver
Command: [48eca6c056510b247dea537c871e402a, clickElement {id=f1277af8-3cfe-4ff6-ba38-78d42a3b8d5a}]
Capabilities {acceptInsecureCerts: false, browserName: chrome, browserVersion: 109.0.5414.120, chrome: {chromedriverVersion: 109.0.5414.74 (e7c5703604da..., userDataDir: C:\Users\Ankush\AppData\Loc...}, goog:chromeOptions: {debuggerAddress: localhost:55512}, networkConnectionEnabled: false, pageLoadStrategy: normal, platformName: WINDOWS, proxy: Proxy(), se:cdp: ws://localhost:55512/devtoo..., se:cdpVersion: 109.0.5414.120, setWindowRect: true, strictFileInteractability: false, timeouts: {implicit: 0, pageLoad: 300000, script: 30000}, unhandledPromptBehavior: dismiss and notify, webauthn:extension:credBlob: true, webauthn:extension:largeBlob: true, webauthn:virtualAuthenticators: true}
Element: [[ChromeDriver: chrome on WINDOWS (48eca6c056510b247dea537c871e402a)] -> xpath: //button[@class='btn btn-outline-secondary btn-search border-0']]
Session ID: 48eca6c056510b247dea537c871e402a
Thread succsfully applied time ==17000ms
The Option Name Is ==HITESH K PATEL
Wait Succesfully Applied On Field
Thread succsfully applied time ==5000ms
Click Sucessfully==Next==Vendor Information NEXT BUTTON
Thread succsfully applied time ==5000ms
The Option Name Is ==PIG7
Wait Succesfully Applied On Field
Thread succsfully applied time ==5000ms
Click Sucessfully==Next==Purchase Order Delivery Next Button
Thread succsfully applied time ==5000ms
Click Sucessfully==Add New==Item Delivery ADD BUTTON
Thread succsfully applied time ==5000ms
Click Sucessfully====Item code searchbtn
EC - ELECTRO POLISHING
Wait Statement Succesfully ExceutedS
Wait Statement Succesfully ExceutedS
Click Sucessfully==EC - ELECTRO POLISHING
Wait Statement Succesfully ExceutedS
Click Sucessfully==FG
Click Sucessfully==Add New==Chield grid Add New Button
10112022
10/11/2022of the Item Code Quantity==100
0
Wait Statement Succesfully ExceutedS
Click Sucessfully====Quantity grid1
Click Sucessfully====Quantity grid1
Wait Statement Succesfully ExceutedS
Click Sucessfully==Delivery Field 1
cycle 0
15112022
15/11/2022of the Item Code Quantity==212
1
Click Sucessfully==Add New==Chield grid Add New Button
The Grid Quamtity @IS startrd
Wait Statement Succesfully ExceutedS
Click Sucessfully====Quantity grid2
element click intercepted: Element <div columnindex="5" role="gridcell" style="left: 360px; z-index: 68; width:150px;" class="jqx-grid-cell jqx-grid-cell-imms jqx-item jqx-item-imms jqx-grid-cell-edit jqx-grid-cell-edit-imms" title=""></div> is not clickable at point (450, 461). Other element would receive the click: <input autocomplete="off" style="border: 0px none; position: relative; float: left; padding: 9px 0px; text-align: right; height: 17px; width: 148px; margin-right: 2px;" type="textarea" class="jqx-input-content jqx-input-content-imms jqx-widget-content jqx-widget-content-imms" placeholder="">
  (Session info: chrome=109.0.5414.120)
Build info: version: '4.6.0', revision: '79f1c02ae20'
System info: os.name: 'Windows 10', os.arch: 'amd64', os.version: '10.0', java.version: '17.0.6'
Driver info: org.openqa.selenium.chrome.ChromeDriver
Command: [48eca6c056510b247dea537c871e402a, clickElement {id=1adc5f76-a24f-4a7f-89da-452b9f20c239}]
Capabilities {acceptInsecureCerts: false, browserName: chrome, browserVersion: 109.0.5414.120, chrome: {chromedriverVersion: 109.0.5414.74 (e7c5703604da..., userDataDir: C:\Users\Ankush\AppData\Loc...}, goog:chromeOptions: {debuggerAddress: localhost:55512}, networkConnectionEnabled: false, pageLoadStrategy: normal, platformName: WINDOWS, proxy: Proxy(), se:cdp: ws://localhost:55512/devtoo..., se:cdpVersion: 109.0.5414.120, setWindowRect: true, strictFileInteractability: false, timeouts: {implicit: 0, pageLoad: 300000, script: 30000}, unhandledPromptBehavior: dismiss and notify, webauthn:extension:credBlob: true, webauthn:extension:largeBlob: true, webauthn:virtualAuthenticators: true}
Element: [[ChromeDriver: chrome on WINDOWS (48eca6c056510b247dea537c871e402a)] -> xpath: (//div[contains(@id,'row1jqxWidget')]//div[@columnindex='5'])[1]]
Session ID: 48eca6c056510b247dea537c871e402a
Click Sucessfully====Quantity grid2
element click intercepted: Element <div columnindex="5" role="gridcell" style="left: 360px; z-index: 68; width:150px;" class="jqx-grid-cell jqx-grid-cell-imms jqx-item jqx-item-imms jqx-grid-cell-edit jqx-grid-cell-edit-imms" title=""></div> is not clickable at point (450, 461). Other element would receive the click: <input autocomplete="off" style="border: 0px none; position: relative; float: left; padding: 9px 0px; text-align: right; height: 17px; width: 148px; margin-right: 2px;" type="textarea" class="jqx-input-content jqx-input-content-imms jqx-widget-content jqx-widget-content-imms" placeholder="">
  (Session info: chrome=109.0.5414.120)
Build info: version: '4.6.0', revision: '79f1c02ae20'
System info: os.name: 'Windows 10', os.arch: 'amd64', os.version: '10.0', java.version: '17.0.6'
Driver info: org.openqa.selenium.chrome.ChromeDriver
Command: [48eca6c056510b247dea537c871e402a, clickElement {id=1adc5f76-a24f-4a7f-89da-452b9f20c239}]
Capabilities {acceptInsecureCerts: false, browserName: chrome, browserVersion: 109.0.5414.120, chrome: {chromedriverVersion: 109.0.5414.74 (e7c5703604da..., userDataDir: C:\Users\Ankush\AppData\Loc...}, goog:chromeOptions: {debuggerAddress: localhost:55512}, networkConnectionEnabled: false, pageLoadStrategy: normal, platformName: WINDOWS, proxy: Proxy(), se:cdp: ws://localhost:55512/devtoo..., se:cdpVersion: 109.0.5414.120, setWindowRect: true, strictFileInteractability: false, timeouts: {implicit: 0, pageLoad: 300000, script: 30000}, unhandledPromptBehavior: dismiss and notify, webauthn:extension:credBlob: true, webauthn:extension:largeBlob: true, webauthn:virtualAuthenticators: true}
Element: [[ChromeDriver: chrome on WINDOWS (48eca6c056510b247dea537c871e402a)] -> xpath: (//div[contains(@id,'row1jqxWidget')]//div[@columnindex='5'])[1]]
Session ID: 48eca6c056510b247dea537c871e402a
Wait Statement Succesfully ExceutedS
Click Sucessfully==Delivery Field 1
cycle 1
18112022
18/11/2022of the Item Code Quantity==310
2
Click Sucessfully==Add New==Chield grid Add New Button
Wait Statement Succesfully ExceutedS
Click Sucessfully====Quantity grid3
element click intercepted: Element <div columnindex="5" role="gridcell" style="left: 360px; z-index: 61; width:150px;" class="jqx-grid-cell jqx-grid-cell-imms jqx-item jqx-item-imms jqx-grid-cell-edit jqx-grid-cell-edit-imms" title=""></div> is not clickable at point (450, 523). Other element would receive the click: <input autocomplete="off" style="border: 0px none; position: relative; float: left; padding: 9px 0px; text-align: right; height: 17px; width: 148px; margin-right: 2px;" type="textarea" class="jqx-input-content jqx-input-content-imms jqx-widget-content jqx-widget-content-imms" placeholder="">
  (Session info: chrome=109.0.5414.120)
Build info: version: '4.6.0', revision: '79f1c02ae20'
System info: os.name: 'Windows 10', os.arch: 'amd64', os.version: '10.0', java.version: '17.0.6'
Driver info: org.openqa.selenium.chrome.ChromeDriver
Command: [48eca6c056510b247dea537c871e402a, clickElement {id=3098e008-cdec-4fa7-820c-00f39407daf5}]
Capabilities {acceptInsecureCerts: false, browserName: chrome, browserVersion: 109.0.5414.120, chrome: {chromedriverVersion: 109.0.5414.74 (e7c5703604da..., userDataDir: C:\Users\Ankush\AppData\Loc...}, goog:chromeOptions: {debuggerAddress: localhost:55512}, networkConnectionEnabled: false, pageLoadStrategy: normal, platformName: WINDOWS, proxy: Proxy(), se:cdp: ws://localhost:55512/devtoo..., se:cdpVersion: 109.0.5414.120, setWindowRect: true, strictFileInteractability: false, timeouts: {implicit: 0, pageLoad: 300000, script: 30000}, unhandledPromptBehavior: dismiss and notify, webauthn:extension:credBlob: true, webauthn:extension:largeBlob: true, webauthn:virtualAuthenticators: true}
Element: [[ChromeDriver: chrome on WINDOWS (48eca6c056510b247dea537c871e402a)] -> xpath: (//div[contains(@id,'row2jqxWidget')]//div[@columnindex='5'])[1]]
Session ID: 48eca6c056510b247dea537c871e402a
Click Sucessfully====Quantity grid3
element click intercepted: Element <div columnindex="5" role="gridcell" style="left: 360px; z-index: 61; width:150px;" class="jqx-grid-cell jqx-grid-cell-imms jqx-item jqx-item-imms jqx-grid-cell-edit jqx-grid-cell-edit-imms" title=""></div> is not clickable at point (450, 523). Other element would receive the click: <input autocomplete="off" style="border: 0px none; position: relative; float: left; padding: 9px 0px; text-align: right; height: 17px; width: 148px; margin-right: 2px;" type="textarea" class="jqx-input-content jqx-input-content-imms jqx-widget-content jqx-widget-content-imms" placeholder="">
  (Session info: chrome=109.0.5414.120)
Build info: version: '4.6.0', revision: '79f1c02ae20'
System info: os.name: 'Windows 10', os.arch: 'amd64', os.version: '10.0', java.version: '17.0.6'
Driver info: org.openqa.selenium.chrome.ChromeDriver
Command: [48eca6c056510b247dea537c871e402a, clickElement {id=3098e008-cdec-4fa7-820c-00f39407daf5}]
Capabilities {acceptInsecureCerts: false, browserName: chrome, browserVersion: 109.0.5414.120, chrome: {chromedriverVersion: 109.0.5414.74 (e7c5703604da..., userDataDir: C:\Users\Ankush\AppData\Loc...}, goog:chromeOptions: {debuggerAddress: localhost:55512}, networkConnectionEnabled: false, pageLoadStrategy: normal, platformName: WINDOWS, proxy: Proxy(), se:cdp: ws://localhost:55512/devtoo..., se:cdpVersion: 109.0.5414.120, setWindowRect: true, strictFileInteractability: false, timeouts: {implicit: 0, pageLoad: 300000, script: 30000}, unhandledPromptBehavior: dismiss and notify, webauthn:extension:credBlob: true, webauthn:extension:largeBlob: true, webauthn:virtualAuthenticators: true}
Element: [[ChromeDriver: chrome on WINDOWS (48eca6c056510b247dea537c871e402a)] -> xpath: (//div[contains(@id,'row2jqxWidget')]//div[@columnindex='5'])[1]]
Session ID: 48eca6c056510b247dea537c871e402a
Wait Statement Succesfully ExceutedS
Click Sucessfully==Delivery Date Field3
cycle 2
25112022
25/11/2022of the Item Code Quantity==400
3
Click Sucessfully==Add New==Chield grid Add New Button
Wait Statement Succesfully ExceutedS
Click Sucessfully====Quantity grid4
element click intercepted: Element <div columnindex="5" role="gridcell" style="left: 360px; z-index: 54; width:150px;" class="jqx-grid-cell jqx-grid-cell-imms jqx-item jqx-item-imms jqx-grid-cell-edit jqx-grid-cell-edit-imms" title=""></div> is not clickable at point (450, 585). Other element would receive the click: <input autocomplete="off" style="border: 0px none; position: relative; float: left; padding: 9px 0px; text-align: right; height: 17px; width: 148px; margin-right: 2px;" type="textarea" class="jqx-input-content jqx-input-content-imms jqx-widget-content jqx-widget-content-imms" placeholder="">
  (Session info: chrome=109.0.5414.120)
Build info: version: '4.6.0', revision: '79f1c02ae20'
System info: os.name: 'Windows 10', os.arch: 'amd64', os.version: '10.0', java.version: '17.0.6'
Driver info: org.openqa.selenium.chrome.ChromeDriver
Command: [48eca6c056510b247dea537c871e402a, clickElement {id=514f9c40-1f2d-4e6f-9604-cb0219e2f515}]
Capabilities {acceptInsecureCerts: false, browserName: chrome, browserVersion: 109.0.5414.120, chrome: {chromedriverVersion: 109.0.5414.74 (e7c5703604da..., userDataDir: C:\Users\Ankush\AppData\Loc...}, goog:chromeOptions: {debuggerAddress: localhost:55512}, networkConnectionEnabled: false, pageLoadStrategy: normal, platformName: WINDOWS, proxy: Proxy(), se:cdp: ws://localhost:55512/devtoo..., se:cdpVersion: 109.0.5414.120, setWindowRect: true, strictFileInteractability: false, timeouts: {implicit: 0, pageLoad: 300000, script: 30000}, unhandledPromptBehavior: dismiss and notify, webauthn:extension:credBlob: true, webauthn:extension:largeBlob: true, webauthn:virtualAuthenticators: true}
Element: [[ChromeDriver: chrome on WINDOWS (48eca6c056510b247dea537c871e402a)] -> xpath: (//div[contains(@id,'row3jqxWidget')]//div[@columnindex='5'])[1]]
Session ID: 48eca6c056510b247dea537c871e402a
Click Sucessfully====Quantity grid4
element click intercepted: Element <div columnindex="5" role="gridcell" style="left: 360px; z-index: 54; width:150px;" class="jqx-grid-cell jqx-grid-cell-imms jqx-item jqx-item-imms jqx-grid-cell-edit jqx-grid-cell-edit-imms" title=""></div> is not clickable at point (450, 585). Other element would receive the click: <input autocomplete="off" style="border: 0px none; position: relative; float: left; padding: 9px 0px; text-align: right; height: 17px; width: 148px; margin-right: 2px;" type="textarea" class="jqx-input-content jqx-input-content-imms jqx-widget-content jqx-widget-content-imms" placeholder="">
  (Session info: chrome=109.0.5414.120)
Build info: version: '4.6.0', revision: '79f1c02ae20'
System info: os.name: 'Windows 10', os.arch: 'amd64', os.version: '10.0', java.version: '17.0.6'
Driver info: org.openqa.selenium.chrome.ChromeDriver
Command: [48eca6c056510b247dea537c871e402a, clickElement {id=514f9c40-1f2d-4e6f-9604-cb0219e2f515}]
Capabilities {acceptInsecureCerts: false, browserName: chrome, browserVersion: 109.0.5414.120, chrome: {chromedriverVersion: 109.0.5414.74 (e7c5703604da..., userDataDir: C:\Users\Ankush\AppData\Loc...}, goog:chromeOptions: {debuggerAddress: localhost:55512}, networkConnectionEnabled: false, pageLoadStrategy: normal, platformName: WINDOWS, proxy: Proxy(), se:cdp: ws://localhost:55512/devtoo..., se:cdpVersion: 109.0.5414.120, setWindowRect: true, strictFileInteractability: false, timeouts: {implicit: 0, pageLoad: 300000, script: 30000}, unhandledPromptBehavior: dismiss and notify, webauthn:extension:credBlob: true, webauthn:extension:largeBlob: true, webauthn:virtualAuthenticators: true}
Element: [[ChromeDriver: chrome on WINDOWS (48eca6c056510b247dea537c871e402a)] -> xpath: (//div[contains(@id,'row3jqxWidget')]//div[@columnindex='5'])[1]]
Session ID: 48eca6c056510b247dea537c871e402a
Wait Statement Succesfully ExceutedS
Click Sucessfully==Delivery Date Field4
cycle 3
Click Sucessfully==Save button
Thread succsfully applied time ==50000ms
Wait Statement Succesfully ExceutedS
New generated LRC NUmber==000344
Wait Statement Succesfully ExceutedS
Wait Statement Succesfully ExceutedS
Labour Rate Contract Entry Authorize Successfully'.
Labour Rate Contract Entry Authorize Successfully!
]]></system-out>
  </testcase>
  <testcase name="LRC003" classname="purchase.LabourRateContractEntry" time="727.168">
    <system-out><![CDATA[ test case  complited
 test case  Started
D:\ANKUSH\NEW_HORIZON\ExcelFiles\purchase\LabourRateContractEntry.xlsx
Thread succsfully applied time ==3000ms
Thread succsfully applied time ==15000ms
Wait Statement Succesfully ExceutedS
Click Sucessfully====Calendor Field
[[ChromeDriver: chrome on WINDOWS (48eca6c056510b247dea537c871e402a)] -> xpath: //div[contains(@class,'jqx-calendar-title-content jqx-calendar-title-content-imms')]]
February
2023
Click Sucessfully====previous
January 2023
January
2023
Click Sucessfully====previous
December 2022
December
2022
Click Sucessfully====previous
November 2022
November
2022
Click Sucessfully====previous
October 2022
October
2022
Click Sucessfully==5==October 2022Date_
Thread succsfully applied time ==3000ms
Wait Statement Succesfully ExceutedS
Click Sucessfully====Calendor Field
[[ChromeDriver: chrome on WINDOWS (48eca6c056510b247dea537c871e402a)] -> xpath: (//div[contains(@class,'jqx-calendar-title-content jqx-calendar-title-content-imms')])[3]]
February
2023
Click Sucessfully====previous
January 2023
January
2023
Click Sucessfully====previous
December 2022
December
2022
Click Sucessfully====previous
November 2022
November
2022
Click Sucessfully====previous
October 2022
October
2022
Click Sucessfully==31==October 2022Date_
Thread succsfully applied time ==6000ms
Thread succsfully applied time ==5000ms
Click Sucessfully====Item code searchbtn
Click Sucessfully====itemsearchbtn
element click intercepted: Element <button _ngcontent-nnq-c10="" class="btn btn-outline-secondary btn-search border-0" type="button">...</button> is not clickable at point (416, 268). Other element would receive the click: <div columnindex="1" role="gridcell" style="left: 100px; z-index: 87; width:150px;" class="jqx-grid-cell jqx-grid-cell-imms jqx-item jqx-item-imms">...</div>
  (Session info: chrome=109.0.5414.120)
Build info: version: '4.6.0', revision: '79f1c02ae20'
System info: os.name: 'Windows 10', os.arch: 'amd64', os.version: '10.0', java.version: '17.0.6'
Driver info: org.openqa.selenium.chrome.ChromeDriver
Command: [48eca6c056510b247dea537c871e402a, clickElement {id=212b67b8-39a6-40ac-83bf-497a47335a80}]
Capabilities {acceptInsecureCerts: false, browserName: chrome, browserVersion: 109.0.5414.120, chrome: {chromedriverVersion: 109.0.5414.74 (e7c5703604da..., userDataDir: C:\Users\Ankush\AppData\Loc...}, goog:chromeOptions: {debuggerAddress: localhost:55512}, networkConnectionEnabled: false, pageLoadStrategy: normal, platformName: WINDOWS, proxy: Proxy(), se:cdp: ws://localhost:55512/devtoo..., se:cdpVersion: 109.0.5414.120, setWindowRect: true, strictFileInteractability: false, timeouts: {implicit: 0, pageLoad: 300000, script: 30000}, unhandledPromptBehavior: dismiss and notify, webauthn:extension:credBlob: true, webauthn:extension:largeBlob: true, webauthn:virtualAuthenticators: true}
Element: [[ChromeDriver: chrome on WINDOWS (48eca6c056510b247dea537c871e402a)] -> xpath: //button[@class='btn btn-outline-secondary btn-search border-0']]
Session ID: 48eca6c056510b247dea537c871e402a
Thread succsfully applied time ==17000ms
The Option Name Is ==HITESH K PATEL
Wait Succesfully Applied On Field
Thread succsfully applied time ==5000ms
Click Sucessfully==Next==Vendor Information NEXT BUTTON
Thread succsfully applied time ==5000ms
The Option Name Is ==PIG7
Wait Succesfully Applied On Field
Thread succsfully applied time ==5000ms
Click Sucessfully==Next==Purchase Order Delivery Next Button
Thread succsfully applied time ==5000ms
Click Sucessfully==Add New==Item Delivery ADD BUTTON
Thread succsfully applied time ==5000ms
Click Sucessfully====Item code searchbtn
CED - CATHODIC ELECTRO DEPOSITION PROCESS
Wait Statement Succesfully ExceutedS
Wait Statement Succesfully ExceutedS
Click Sucessfully==CED - CATHODIC ELECTRO DEPOSITION PROCESS
 test case  complited
 test case  Started
D:\ANKUSH\NEW_HORIZON\ExcelFiles\purchase\LabourRateContractEntry.xlsx
Thread succsfully applied time ==3000ms
Thread succsfully applied time ==15000ms
Wait Statement Succesfully ExceutedS
Click Sucessfully====Calendor Field
[[ChromeDriver: chrome on WINDOWS (48eca6c056510b247dea537c871e402a)] -> xpath: //div[contains(@class,'jqx-calendar-title-content jqx-calendar-title-content-imms')]]
February
2023
Click Sucessfully====previous
January 2023
January
2023
Click Sucessfully====previous
December 2022
December
2022
Click Sucessfully====previous
November 2022
November
2022
Click Sucessfully====previous
October 2022
October
2022
Click Sucessfully==5==October 2022Date_
Thread succsfully applied time ==3000ms
Wait Statement Succesfully ExceutedS
Click Sucessfully====Calendor Field
[[ChromeDriver: chrome on WINDOWS (48eca6c056510b247dea537c871e402a)] -> xpath: (//div[contains(@class,'jqx-calendar-title-content jqx-calendar-title-content-imms')])[3]]
February
2023
Click Sucessfully====previous
January 2023
January
2023
Click Sucessfully====previous
December 2022
December
2022
Click Sucessfully====previous
November 2022
November
2022
Click Sucessfully====previous
October 2022
October
2022
Click Sucessfully==31==October 2022Date_
Thread succsfully applied time ==6000ms
Thread succsfully applied time ==5000ms
Click Sucessfully====Item code searchbtn
Click Sucessfully====itemsearchbtn
element click intercepted: Element <button _ngcontent-dlv-c10="" class="btn btn-outline-secondary btn-search border-0" type="button">...</button> is not clickable at point (416, 268). Other element would receive the click: <div columnindex="1" role="gridcell" style="left: 100px; z-index: 87; width:150px;" class="jqx-grid-cell jqx-grid-cell-imms jqx-item jqx-item-imms">...</div>
  (Session info: chrome=109.0.5414.120)
Build info: version: '4.6.0', revision: '79f1c02ae20'
System info: os.name: 'Windows 10', os.arch: 'amd64', os.version: '10.0', java.version: '17.0.6'
Driver info: org.openqa.selenium.chrome.ChromeDriver
Command: [48eca6c056510b247dea537c871e402a, clickElement {id=3356bac9-b457-4e8e-86e9-7d5e05fee0bd}]
Capabilities {acceptInsecureCerts: false, browserName: chrome, browserVersion: 109.0.5414.120, chrome: {chromedriverVersion: 109.0.5414.74 (e7c5703604da..., userDataDir: C:\Users\Ankush\AppData\Loc...}, goog:chromeOptions: {debuggerAddress: localhost:55512}, networkConnectionEnabled: false, pageLoadStrategy: normal, platformName: WINDOWS, proxy: Proxy(), se:cdp: ws://localhost:55512/devtoo..., se:cdpVersion: 109.0.5414.120, setWindowRect: true, strictFileInteractability: false, timeouts: {implicit: 0, pageLoad: 300000, script: 30000}, unhandledPromptBehavior: dismiss and notify, webauthn:extension:credBlob: true, webauthn:extension:largeBlob: true, webauthn:virtualAuthenticators: true}
Element: [[ChromeDriver: chrome on WINDOWS (48eca6c056510b247dea537c871e402a)] -> xpath: //button[@class='btn btn-outline-secondary btn-search border-0']]
Session ID: 48eca6c056510b247dea537c871e402a
Thread succsfully applied time ==17000ms
The Option Name Is ==HITESH K PATEL
Wait Succesfully Applied On Field
Thread succsfully applied time ==5000ms
Click Sucessfully==Next==Vendor Information NEXT BUTTON
Thread succsfully applied time ==5000ms
The Option Name Is ==PIG7
Wait Succesfully Applied On Field
Thread succsfully applied time ==5000ms
Click Sucessfully==Next==Purchase Order Delivery Next Button
Thread succsfully applied time ==5000ms
Click Sucessfully==Add New==Item Delivery ADD BUTTON
Thread succsfully applied time ==5000ms
Click Sucessfully====Item code searchbtn
CED - CATHODIC ELECTRO DEPOSITION PROCESS
Wait Statement Succesfully ExceutedS
Wait Statement Succesfully ExceutedS
Click Sucessfully==CED - CATHODIC ELECTRO DEPOSITION PROCESS
005697
Wait Statement Succesfully ExceutedS
Wait Statement Succesfully ExceutedS
Click Sucessfully==22-23/WO/S1 /005697
Wait Statement Succesfully ExceutedS
Click Sucessfully==PV
Click Sucessfully==Add New==Chield grid Add New Button
10112022
10/11/2022of the Item Code Quantity==108.9
0
Wait Statement Succesfully ExceutedS
Click Sucessfully====Quantity grid1
Click Sucessfully====Quantity grid1
Wait Statement Succesfully ExceutedS
Click Sucessfully==Delivery Field 1
cycle 0
15112022
15/11/2022of the Item Code Quantity==24.6
1
Click Sucessfully==Add New==Chield grid Add New Button
The Grid Quamtity @IS startrd
Wait Statement Succesfully ExceutedS
Click Sucessfully====Quantity grid2
element click intercepted: Element <div columnindex="5" role="gridcell" style="left: 360px; z-index: 68; width:150px;" class="jqx-grid-cell jqx-grid-cell-imms jqx-item jqx-item-imms jqx-grid-cell-edit jqx-grid-cell-edit-imms" title=""></div> is not clickable at point (450, 461). Other element would receive the click: <input autocomplete="off" style="border: 0px none; position: relative; float: left; padding: 9px 0px; text-align: right; height: 17px; width: 148px; margin-right: 2px;" type="textarea" class="jqx-input-content jqx-input-content-imms jqx-widget-content jqx-widget-content-imms" placeholder="">
  (Session info: chrome=109.0.5414.120)
Build info: version: '4.6.0', revision: '79f1c02ae20'
System info: os.name: 'Windows 10', os.arch: 'amd64', os.version: '10.0', java.version: '17.0.6'
Driver info: org.openqa.selenium.chrome.ChromeDriver
Command: [48eca6c056510b247dea537c871e402a, clickElement {id=824ba732-b3a4-4a50-9c2a-ff82ec820e48}]
Capabilities {acceptInsecureCerts: false, browserName: chrome, browserVersion: 109.0.5414.120, chrome: {chromedriverVersion: 109.0.5414.74 (e7c5703604da..., userDataDir: C:\Users\Ankush\AppData\Loc...}, goog:chromeOptions: {debuggerAddress: localhost:55512}, networkConnectionEnabled: false, pageLoadStrategy: normal, platformName: WINDOWS, proxy: Proxy(), se:cdp: ws://localhost:55512/devtoo..., se:cdpVersion: 109.0.5414.120, setWindowRect: true, strictFileInteractability: false, timeouts: {implicit: 0, pageLoad: 300000, script: 30000}, unhandledPromptBehavior: dismiss and notify, webauthn:extension:credBlob: true, webauthn:extension:largeBlob: true, webauthn:virtualAuthenticators: true}
Element: [[ChromeDriver: chrome on WINDOWS (48eca6c056510b247dea537c871e402a)] -> xpath: (//div[contains(@id,'row1jqxWidget')]//div[@columnindex='5'])[1]]
Session ID: 48eca6c056510b247dea537c871e402a
Click Sucessfully====Quantity grid2
element click intercepted: Element <div columnindex="5" role="gridcell" style="left: 360px; z-index: 68; width:150px;" class="jqx-grid-cell jqx-grid-cell-imms jqx-item jqx-item-imms jqx-grid-cell-edit jqx-grid-cell-edit-imms" title=""></div> is not clickable at point (450, 461). Other element would receive the click: <input autocomplete="off" style="border: 0px none; position: relative; float: left; padding: 9px 0px; text-align: right; height: 17px; width: 148px; margin-right: 2px;" type="textarea" class="jqx-input-content jqx-input-content-imms jqx-widget-content jqx-widget-content-imms" placeholder="">
  (Session info: chrome=109.0.5414.120)
Build info: version: '4.6.0', revision: '79f1c02ae20'
System info: os.name: 'Windows 10', os.arch: 'amd64', os.version: '10.0', java.version: '17.0.6'
Driver info: org.openqa.selenium.chrome.ChromeDriver
Command: [48eca6c056510b247dea537c871e402a, clickElement {id=824ba732-b3a4-4a50-9c2a-ff82ec820e48}]
Capabilities {acceptInsecureCerts: false, browserName: chrome, browserVersion: 109.0.5414.120, chrome: {chromedriverVersion: 109.0.5414.74 (e7c5703604da..., userDataDir: C:\Users\Ankush\AppData\Loc...}, goog:chromeOptions: {debuggerAddress: localhost:55512}, networkConnectionEnabled: false, pageLoadStrategy: normal, platformName: WINDOWS, proxy: Proxy(), se:cdp: ws://localhost:55512/devtoo..., se:cdpVersion: 109.0.5414.120, setWindowRect: true, strictFileInteractability: false, timeouts: {implicit: 0, pageLoad: 300000, script: 30000}, unhandledPromptBehavior: dismiss and notify, webauthn:extension:credBlob: true, webauthn:extension:largeBlob: true, webauthn:virtualAuthenticators: true}
Element: [[ChromeDriver: chrome on WINDOWS (48eca6c056510b247dea537c871e402a)] -> xpath: (//div[contains(@id,'row1jqxWidget')]//div[@columnindex='5'])[1]]
Session ID: 48eca6c056510b247dea537c871e402a
Wait Statement Succesfully ExceutedS
Click Sucessfully==Delivery Field 1
cycle 1
18112022
18/11/2022of the Item Code Quantity==30.5
2
Click Sucessfully==Add New==Chield grid Add New Button
Wait Statement Succesfully ExceutedS
Click Sucessfully====Quantity grid3
element click intercepted: Element <div columnindex="5" role="gridcell" style="left: 360px; z-index: 61; width:150px;" class="jqx-grid-cell jqx-grid-cell-imms jqx-item jqx-item-imms jqx-grid-cell-edit jqx-grid-cell-edit-imms" title=""></div> is not clickable at point (450, 523). Other element would receive the click: <input autocomplete="off" style="border: 0px none; position: relative; float: left; padding: 9px 0px; text-align: right; height: 17px; width: 148px; margin-right: 2px;" type="textarea" class="jqx-input-content jqx-input-content-imms jqx-widget-content jqx-widget-content-imms" placeholder="">
  (Session info: chrome=109.0.5414.120)
Build info: version: '4.6.0', revision: '79f1c02ae20'
System info: os.name: 'Windows 10', os.arch: 'amd64', os.version: '10.0', java.version: '17.0.6'
Driver info: org.openqa.selenium.chrome.ChromeDriver
Command: [48eca6c056510b247dea537c871e402a, clickElement {id=5aeefadc-2bc8-4c3f-8050-58a2b9152b20}]
Capabilities {acceptInsecureCerts: false, browserName: chrome, browserVersion: 109.0.5414.120, chrome: {chromedriverVersion: 109.0.5414.74 (e7c5703604da..., userDataDir: C:\Users\Ankush\AppData\Loc...}, goog:chromeOptions: {debuggerAddress: localhost:55512}, networkConnectionEnabled: false, pageLoadStrategy: normal, platformName: WINDOWS, proxy: Proxy(), se:cdp: ws://localhost:55512/devtoo..., se:cdpVersion: 109.0.5414.120, setWindowRect: true, strictFileInteractability: false, timeouts: {implicit: 0, pageLoad: 300000, script: 30000}, unhandledPromptBehavior: dismiss and notify, webauthn:extension:credBlob: true, webauthn:extension:largeBlob: true, webauthn:virtualAuthenticators: true}
Element: [[ChromeDriver: chrome on WINDOWS (48eca6c056510b247dea537c871e402a)] -> xpath: (//div[contains(@id,'row2jqxWidget')]//div[@columnindex='5'])[1]]
Session ID: 48eca6c056510b247dea537c871e402a
Click Sucessfully====Quantity grid3
element click intercepted: Element <div columnindex="5" role="gridcell" style="left: 360px; z-index: 61; width:150px;" class="jqx-grid-cell jqx-grid-cell-imms jqx-item jqx-item-imms jqx-grid-cell-edit jqx-grid-cell-edit-imms" title=""></div> is not clickable at point (450, 523). Other element would receive the click: <input autocomplete="off" style="border: 0px none; position: relative; float: left; padding: 9px 0px; text-align: right; height: 17px; width: 148px; margin-right: 2px;" type="textarea" class="jqx-input-content jqx-input-content-imms jqx-widget-content jqx-widget-content-imms" placeholder="">
  (Session info: chrome=109.0.5414.120)
Build info: version: '4.6.0', revision: '79f1c02ae20'
System info: os.name: 'Windows 10', os.arch: 'amd64', os.version: '10.0', java.version: '17.0.6'
Driver info: org.openqa.selenium.chrome.ChromeDriver
Command: [48eca6c056510b247dea537c871e402a, clickElement {id=5aeefadc-2bc8-4c3f-8050-58a2b9152b20}]
Capabilities {acceptInsecureCerts: false, browserName: chrome, browserVersion: 109.0.5414.120, chrome: {chromedriverVersion: 109.0.5414.74 (e7c5703604da..., userDataDir: C:\Users\Ankush\AppData\Loc...}, goog:chromeOptions: {debuggerAddress: localhost:55512}, networkConnectionEnabled: false, pageLoadStrategy: normal, platformName: WINDOWS, proxy: Proxy(), se:cdp: ws://localhost:55512/devtoo..., se:cdpVersion: 109.0.5414.120, setWindowRect: true, strictFileInteractability: false, timeouts: {implicit: 0, pageLoad: 300000, script: 30000}, unhandledPromptBehavior: dismiss and notify, webauthn:extension:credBlob: true, webauthn:extension:largeBlob: true, webauthn:virtualAuthenticators: true}
Element: [[ChromeDriver: chrome on WINDOWS (48eca6c056510b247dea537c871e402a)] -> xpath: (//div[contains(@id,'row2jqxWidget')]//div[@columnindex='5'])[1]]
Session ID: 48eca6c056510b247dea537c871e402a
Wait Statement Succesfully ExceutedS
Click Sucessfully==Delivery Date Field3
cycle 2
25112022
25/11/2022of the Item Code Quantity==91.55
3
Click Sucessfully==Add New==Chield grid Add New Button
Wait Statement Succesfully ExceutedS
Click Sucessfully====Quantity grid4
element click intercepted: Element <div columnindex="5" role="gridcell" style="left: 360px; z-index: 54; width:150px;" class="jqx-grid-cell jqx-grid-cell-imms jqx-item jqx-item-imms jqx-grid-cell-edit jqx-grid-cell-edit-imms" title=""></div> is not clickable at point (450, 585). Other element would receive the click: <input autocomplete="off" style="border: 0px none; position: relative; float: left; padding: 9px 0px; text-align: right; height: 17px; width: 148px; margin-right: 2px;" type="textarea" class="jqx-input-content jqx-input-content-imms jqx-widget-content jqx-widget-content-imms" placeholder="">
  (Session info: chrome=109.0.5414.120)
Build info: version: '4.6.0', revision: '79f1c02ae20'
System info: os.name: 'Windows 10', os.arch: 'amd64', os.version: '10.0', java.version: '17.0.6'
Driver info: org.openqa.selenium.chrome.ChromeDriver
Command: [48eca6c056510b247dea537c871e402a, clickElement {id=f6dc3daa-d556-43d8-ae28-d93ec22b2c09}]
Capabilities {acceptInsecureCerts: false, browserName: chrome, browserVersion: 109.0.5414.120, chrome: {chromedriverVersion: 109.0.5414.74 (e7c5703604da..., userDataDir: C:\Users\Ankush\AppData\Loc...}, goog:chromeOptions: {debuggerAddress: localhost:55512}, networkConnectionEnabled: false, pageLoadStrategy: normal, platformName: WINDOWS, proxy: Proxy(), se:cdp: ws://localhost:55512/devtoo..., se:cdpVersion: 109.0.5414.120, setWindowRect: true, strictFileInteractability: false, timeouts: {implicit: 0, pageLoad: 300000, script: 30000}, unhandledPromptBehavior: dismiss and notify, webauthn:extension:credBlob: true, webauthn:extension:largeBlob: true, webauthn:virtualAuthenticators: true}
Element: [[ChromeDriver: chrome on WINDOWS (48eca6c056510b247dea537c871e402a)] -> xpath: (//div[contains(@id,'row3jqxWidget')]//div[@columnindex='5'])[1]]
Session ID: 48eca6c056510b247dea537c871e402a
Click Sucessfully====Quantity grid4
element click intercepted: Element <div columnindex="5" role="gridcell" style="left: 360px; z-index: 54; width:150px;" class="jqx-grid-cell jqx-grid-cell-imms jqx-item jqx-item-imms jqx-grid-cell-edit jqx-grid-cell-edit-imms" title=""></div> is not clickable at point (450, 585). Other element would receive the click: <input autocomplete="off" style="border: 0px none; position: relative; float: left; padding: 9px 0px; text-align: right; height: 17px; width: 148px; margin-right: 2px;" type="textarea" class="jqx-input-content jqx-input-content-imms jqx-widget-content jqx-widget-content-imms" placeholder="">
  (Session info: chrome=109.0.5414.120)
Build info: version: '4.6.0', revision: '79f1c02ae20'
System info: os.name: 'Windows 10', os.arch: 'amd64', os.version: '10.0', java.version: '17.0.6'
Driver info: org.openqa.selenium.chrome.ChromeDriver
Command: [48eca6c056510b247dea537c871e402a, clickElement {id=f6dc3daa-d556-43d8-ae28-d93ec22b2c09}]
Capabilities {acceptInsecureCerts: false, browserName: chrome, browserVersion: 109.0.5414.120, chrome: {chromedriverVersion: 109.0.5414.74 (e7c5703604da..., userDataDir: C:\Users\Ankush\AppData\Loc...}, goog:chromeOptions: {debuggerAddress: localhost:55512}, networkConnectionEnabled: false, pageLoadStrategy: normal, platformName: WINDOWS, proxy: Proxy(), se:cdp: ws://localhost:55512/devtoo..., se:cdpVersion: 109.0.5414.120, setWindowRect: true, strictFileInteractability: false, timeouts: {implicit: 0, pageLoad: 300000, script: 30000}, unhandledPromptBehavior: dismiss and notify, webauthn:extension:credBlob: true, webauthn:extension:largeBlob: true, webauthn:virtualAuthenticators: true}
Element: [[ChromeDriver: chrome on WINDOWS (48eca6c056510b247dea537c871e402a)] -> xpath: (//div[contains(@id,'row3jqxWidget')]//div[@columnindex='5'])[1]]
Session ID: 48eca6c056510b247dea537c871e402a
Wait Statement Succesfully ExceutedS
Click Sucessfully==Delivery Date Field4
cycle 3
Click Sucessfully==Add New==Item Delivery ADD BUTTON
Click Sucessfully====Item code searchbtn
CED - CATHODIC ELECTRO DEPOSITION PROCESS
Wait Statement Succesfully ExceutedS
Wait Statement Succesfully ExceutedS
Click Sucessfully==CED - CATHODIC ELECTRO DEPOSITION PROCESS
005702
Wait Statement Succesfully ExceutedS
Wait Statement Succesfully ExceutedS
Click Sucessfully==22-23/WO/S1 /005702
Wait Statement Succesfully ExceutedS
Click Sucessfully==RE
Click Sucessfully==Add New==Chield grid Add New Button
10112022
10/11/2022of the Item Code Quantity==10.5
0
Wait Statement Succesfully ExceutedS
Click Sucessfully====Quantity grid1
Click Sucessfully====Quantity grid1
Wait Statement Succesfully ExceutedS
Click Sucessfully==Delivery Field 1
cycle 0
15112022
15/11/2022of the Item Code Quantity==11.5
1
Click Sucessfully==Add New==Chield grid Add New Button
The Grid Quamtity @IS startrd
Wait Statement Succesfully ExceutedS
Click Sucessfully====Quantity grid2
element click intercepted: Element <div columnindex="5" role="gridcell" style="left: 360px; z-index: 68; width:150px;" class="jqx-grid-cell jqx-grid-cell-imms jqx-item jqx-item-imms jqx-grid-cell-edit jqx-grid-cell-edit-imms" title=""></div> is not clickable at point (450, 583). Other element would receive the click: <input autocomplete="off" style="border: 0px none; position: relative; float: left; padding: 9px 0px; text-align: right; height: 17px; width: 148px; margin-right: 2px;" type="textarea" class="jqx-input-content jqx-input-content-imms jqx-widget-content jqx-widget-content-imms" placeholder="">
  (Session info: chrome=109.0.5414.120)
Build info: version: '4.6.0', revision: '79f1c02ae20'
System info: os.name: 'Windows 10', os.arch: 'amd64', os.version: '10.0', java.version: '17.0.6'
Driver info: org.openqa.selenium.chrome.ChromeDriver
Command: [48eca6c056510b247dea537c871e402a, clickElement {id=e5fbfc8f-e0a2-4a06-b803-6608f8dc860c}]
Capabilities {acceptInsecureCerts: false, browserName: chrome, browserVersion: 109.0.5414.120, chrome: {chromedriverVersion: 109.0.5414.74 (e7c5703604da..., userDataDir: C:\Users\Ankush\AppData\Loc...}, goog:chromeOptions: {debuggerAddress: localhost:55512}, networkConnectionEnabled: false, pageLoadStrategy: normal, platformName: WINDOWS, proxy: Proxy(), se:cdp: ws://localhost:55512/devtoo..., se:cdpVersion: 109.0.5414.120, setWindowRect: true, strictFileInteractability: false, timeouts: {implicit: 0, pageLoad: 300000, script: 30000}, unhandledPromptBehavior: dismiss and notify, webauthn:extension:credBlob: true, webauthn:extension:largeBlob: true, webauthn:virtualAuthenticators: true}
Element: [[ChromeDriver: chrome on WINDOWS (48eca6c056510b247dea537c871e402a)] -> xpath: (//div[contains(@id,'row1jqxWidget')]//div[@columnindex='5'])[2]]
Session ID: 48eca6c056510b247dea537c871e402a
Click Sucessfully====Quantity grid2
element click intercepted: Element <div columnindex="5" role="gridcell" style="left: 360px; z-index: 68; width:150px;" class="jqx-grid-cell jqx-grid-cell-imms jqx-item jqx-item-imms jqx-grid-cell-edit jqx-grid-cell-edit-imms" title=""></div> is not clickable at point (450, 583). Other element would receive the click: <input autocomplete="off" style="border: 0px none; position: relative; float: left; padding: 9px 0px; text-align: right; height: 17px; width: 148px; margin-right: 2px;" type="textarea" class="jqx-input-content jqx-input-content-imms jqx-widget-content jqx-widget-content-imms" placeholder="">
  (Session info: chrome=109.0.5414.120)
Build info: version: '4.6.0', revision: '79f1c02ae20'
System info: os.name: 'Windows 10', os.arch: 'amd64', os.version: '10.0', java.version: '17.0.6'
Driver info: org.openqa.selenium.chrome.ChromeDriver
Command: [48eca6c056510b247dea537c871e402a, clickElement {id=e5fbfc8f-e0a2-4a06-b803-6608f8dc860c}]
Capabilities {acceptInsecureCerts: false, browserName: chrome, browserVersion: 109.0.5414.120, chrome: {chromedriverVersion: 109.0.5414.74 (e7c5703604da..., userDataDir: C:\Users\Ankush\AppData\Loc...}, goog:chromeOptions: {debuggerAddress: localhost:55512}, networkConnectionEnabled: false, pageLoadStrategy: normal, platformName: WINDOWS, proxy: Proxy(), se:cdp: ws://localhost:55512/devtoo..., se:cdpVersion: 109.0.5414.120, setWindowRect: true, strictFileInteractability: false, timeouts: {implicit: 0, pageLoad: 300000, script: 30000}, unhandledPromptBehavior: dismiss and notify, webauthn:extension:credBlob: true, webauthn:extension:largeBlob: true, webauthn:virtualAuthenticators: true}
Element: [[ChromeDriver: chrome on WINDOWS (48eca6c056510b247dea537c871e402a)] -> xpath: (//div[contains(@id,'row1jqxWidget')]//div[@columnindex='5'])[2]]
Session ID: 48eca6c056510b247dea537c871e402a
Wait Statement Succesfully ExceutedS
Click Sucessfully==Delivery Field 1
cycle 1
18112022
18/11/2022of the Item Code Quantity==9
2
Click Sucessfully==Add New==Chield grid Add New Button
Wait Statement Succesfully ExceutedS
Click Sucessfully====Quantity grid3
element click intercepted: Element <div columnindex="5" role="gridcell" style="left: 360px; z-index: 61; width:150px;" class="jqx-grid-cell jqx-grid-cell-imms jqx-item jqx-item-imms jqx-grid-cell-edit jqx-grid-cell-edit-imms" title=""></div> is not clickable at point (450, 598). Other element would receive the click: <input autocomplete="off" style="border: 0px none; position: relative; float: left; padding: 9px 0px; text-align: right; height: 17px; width: 148px; margin-right: 2px;" type="textarea" class="jqx-input-content jqx-input-content-imms jqx-widget-content jqx-widget-content-imms" placeholder="">
  (Session info: chrome=109.0.5414.120)
Build info: version: '4.6.0', revision: '79f1c02ae20'
System info: os.name: 'Windows 10', os.arch: 'amd64', os.version: '10.0', java.version: '17.0.6'
Driver info: org.openqa.selenium.chrome.ChromeDriver
Command: [48eca6c056510b247dea537c871e402a, clickElement {id=602c015e-7509-4bfb-806b-edcd78c9c960}]
Capabilities {acceptInsecureCerts: false, browserName: chrome, browserVersion: 109.0.5414.120, chrome: {chromedriverVersion: 109.0.5414.74 (e7c5703604da..., userDataDir: C:\Users\Ankush\AppData\Loc...}, goog:chromeOptions: {debuggerAddress: localhost:55512}, networkConnectionEnabled: false, pageLoadStrategy: normal, platformName: WINDOWS, proxy: Proxy(), se:cdp: ws://localhost:55512/devtoo..., se:cdpVersion: 109.0.5414.120, setWindowRect: true, strictFileInteractability: false, timeouts: {implicit: 0, pageLoad: 300000, script: 30000}, unhandledPromptBehavior: dismiss and notify, webauthn:extension:credBlob: true, webauthn:extension:largeBlob: true, webauthn:virtualAuthenticators: true}
Element: [[ChromeDriver: chrome on WINDOWS (48eca6c056510b247dea537c871e402a)] -> xpath: (//div[contains(@id,'row2jqxWidget')]//div[@columnindex='5'])[1]]
Session ID: 48eca6c056510b247dea537c871e402a
Click Sucessfully====Quantity grid3
element click intercepted: Element <div columnindex="5" role="gridcell" style="left: 360px; z-index: 61; width:150px;" class="jqx-grid-cell jqx-grid-cell-imms jqx-item jqx-item-imms jqx-grid-cell-edit jqx-grid-cell-edit-imms" title=""></div> is not clickable at point (450, 598). Other element would receive the click: <input autocomplete="off" style="border: 0px none; position: relative; float: left; padding: 9px 0px; text-align: right; height: 17px; width: 148px; margin-right: 2px;" type="textarea" class="jqx-input-content jqx-input-content-imms jqx-widget-content jqx-widget-content-imms" placeholder="">
  (Session info: chrome=109.0.5414.120)
Build info: version: '4.6.0', revision: '79f1c02ae20'
System info: os.name: 'Windows 10', os.arch: 'amd64', os.version: '10.0', java.version: '17.0.6'
Driver info: org.openqa.selenium.chrome.ChromeDriver
Command: [48eca6c056510b247dea537c871e402a, clickElement {id=602c015e-7509-4bfb-806b-edcd78c9c960}]
Capabilities {acceptInsecureCerts: false, browserName: chrome, browserVersion: 109.0.5414.120, chrome: {chromedriverVersion: 109.0.5414.74 (e7c5703604da..., userDataDir: C:\Users\Ankush\AppData\Loc...}, goog:chromeOptions: {debuggerAddress: localhost:55512}, networkConnectionEnabled: false, pageLoadStrategy: normal, platformName: WINDOWS, proxy: Proxy(), se:cdp: ws://localhost:55512/devtoo..., se:cdpVersion: 109.0.5414.120, setWindowRect: true, strictFileInteractability: false, timeouts: {implicit: 0, pageLoad: 300000, script: 30000}, unhandledPromptBehavior: dismiss and notify, webauthn:extension:credBlob: true, webauthn:extension:largeBlob: true, webauthn:virtualAuthenticators: true}
Element: [[ChromeDriver: chrome on WINDOWS (48eca6c056510b247dea537c871e402a)] -> xpath: (//div[contains(@id,'row2jqxWidget')]//div[@columnindex='5'])[1]]
Session ID: 48eca6c056510b247dea537c871e402a
Wait Statement Succesfully ExceutedS
Click Sucessfully==Delivery Date Field3
cycle 2
25112022
25/11/2022of the Item Code Quantity==13
3
Click Sucessfully==Add New==Chield grid Add New Button
Wait Statement Succesfully ExceutedS
Click Sucessfully====Quantity grid4
element click intercepted: Element <div columnindex="5" role="gridcell" style="left: 360px; z-index: 54; width:150px;" class="jqx-grid-cell jqx-grid-cell-imms jqx-item jqx-item-imms jqx-grid-cell-edit jqx-grid-cell-edit-imms" title=""></div> is not clickable at point (450, 306). Other element would receive the click: <input autocomplete="off" style="border: 0px none; position: relative; float: left; padding: 9px 0px; text-align: right; height: 17px; width: 148px; margin-right: 2px;" type="textarea" class="jqx-input-content jqx-input-content-imms jqx-widget-content jqx-widget-content-imms" placeholder="">
  (Session info: chrome=109.0.5414.120)
Build info: version: '4.6.0', revision: '79f1c02ae20'
System info: os.name: 'Windows 10', os.arch: 'amd64', os.version: '10.0', java.version: '17.0.6'
Driver info: org.openqa.selenium.chrome.ChromeDriver
Command: [48eca6c056510b247dea537c871e402a, clickElement {id=c142f448-0765-4c11-a107-6b3d3e21c9f9}]
Capabilities {acceptInsecureCerts: false, browserName: chrome, browserVersion: 109.0.5414.120, chrome: {chromedriverVersion: 109.0.5414.74 (e7c5703604da..., userDataDir: C:\Users\Ankush\AppData\Loc...}, goog:chromeOptions: {debuggerAddress: localhost:55512}, networkConnectionEnabled: false, pageLoadStrategy: normal, platformName: WINDOWS, proxy: Proxy(), se:cdp: ws://localhost:55512/devtoo..., se:cdpVersion: 109.0.5414.120, setWindowRect: true, strictFileInteractability: false, timeouts: {implicit: 0, pageLoad: 300000, script: 30000}, unhandledPromptBehavior: dismiss and notify, webauthn:extension:credBlob: true, webauthn:extension:largeBlob: true, webauthn:virtualAuthenticators: true}
Element: [[ChromeDriver: chrome on WINDOWS (48eca6c056510b247dea537c871e402a)] -> xpath: (//div[contains(@id,'row3jqxWidget')]//div[@columnindex='5'])[1]]
Session ID: 48eca6c056510b247dea537c871e402a
Click Sucessfully====Quantity grid4
element click intercepted: Element <div columnindex="5" role="gridcell" style="left: 360px; z-index: 54; width:150px;" class="jqx-grid-cell jqx-grid-cell-imms jqx-item jqx-item-imms jqx-grid-cell-edit jqx-grid-cell-edit-imms" title=""></div> is not clickable at point (450, 306). Other element would receive the click: <input autocomplete="off" style="border: 0px none; position: relative; float: left; padding: 9px 0px; text-align: right; height: 17px; width: 148px; margin-right: 2px;" type="textarea" class="jqx-input-content jqx-input-content-imms jqx-widget-content jqx-widget-content-imms" placeholder="">
  (Session info: chrome=109.0.5414.120)
Build info: version: '4.6.0', revision: '79f1c02ae20'
System info: os.name: 'Windows 10', os.arch: 'amd64', os.version: '10.0', java.version: '17.0.6'
Driver info: org.openqa.selenium.chrome.ChromeDriver
Command: [48eca6c056510b247dea537c871e402a, clickElement {id=c142f448-0765-4c11-a107-6b3d3e21c9f9}]
Capabilities {acceptInsecureCerts: false, browserName: chrome, browserVersion: 109.0.5414.120, chrome: {chromedriverVersion: 109.0.5414.74 (e7c5703604da..., userDataDir: C:\Users\Ankush\AppData\Loc...}, goog:chromeOptions: {debuggerAddress: localhost:55512}, networkConnectionEnabled: false, pageLoadStrategy: normal, platformName: WINDOWS, proxy: Proxy(), se:cdp: ws://localhost:55512/devtoo..., se:cdpVersion: 109.0.5414.120, setWindowRect: true, strictFileInteractability: false, timeouts: {implicit: 0, pageLoad: 300000, script: 30000}, unhandledPromptBehavior: dismiss and notify, webauthn:extension:credBlob: true, webauthn:extension:largeBlob: true, webauthn:virtualAuthenticators: true}
Element: [[ChromeDriver: chrome on WINDOWS (48eca6c056510b247dea537c871e402a)] -> xpath: (//div[contains(@id,'row3jqxWidget')]//div[@columnindex='5'])[1]]
Session ID: 48eca6c056510b247dea537c871e402a
Wait Statement Succesfully ExceutedS
Click Sucessfully==Delivery Date Field4
cycle 3
Click Sucessfully==Add New==Item Delivery ADD BUTTON
Click Sucessfully====Item code searchbtn
CED - CATHODIC ELECTRO DEPOSITION PROCESS
Wait Statement Succesfully ExceutedS
Wait Statement Succesfully ExceutedS
Click Sucessfully==CED - CATHODIC ELECTRO DEPOSITION PROCESS
005487
Wait Statement Succesfully ExceutedS
Wait Statement Succesfully ExceutedS
Click Sucessfully==22-23/WO/S1 /005487
Wait Statement Succesfully ExceutedS
Click Sucessfully==RE
Click Sucessfully==Add New==Chield grid Add New Button
13112022
13/11/2022of the Item Code Quantity==1
0
Wait Statement Succesfully ExceutedS
Click Sucessfully====Quantity grid1
element click intercepted: Element <div columnindex="5" role="gridcell" style="left: 360px; z-index: 75; width:150px;" class="jqx-grid-cell jqx-grid-cell-imms jqx-item jqx-item-imms jqx-grid-cell-edit jqx-grid-cell-edit-imms" title=""></div> is not clickable at point (450, 422). Other element would receive the click: <input autocomplete="off" style="border: 0px none; position: relative; float: left; padding: 9px 0px; text-align: right; height: 17px; width: 148px; margin-right: 2px;" type="textarea" class="jqx-input-content jqx-input-content-imms jqx-widget-content jqx-widget-content-imms" placeholder="">
  (Session info: chrome=109.0.5414.120)
Build info: version: '4.6.0', revision: '79f1c02ae20'
System info: os.name: 'Windows 10', os.arch: 'amd64', os.version: '10.0', java.version: '17.0.6'
Driver info: org.openqa.selenium.chrome.ChromeDriver
Command: [48eca6c056510b247dea537c871e402a, clickElement {id=7bea96bc-990b-475b-9a64-7061c04acedf}]
Capabilities {acceptInsecureCerts: false, browserName: chrome, browserVersion: 109.0.5414.120, chrome: {chromedriverVersion: 109.0.5414.74 (e7c5703604da..., userDataDir: C:\Users\Ankush\AppData\Loc...}, goog:chromeOptions: {debuggerAddress: localhost:55512}, networkConnectionEnabled: false, pageLoadStrategy: normal, platformName: WINDOWS, proxy: Proxy(), se:cdp: ws://localhost:55512/devtoo..., se:cdpVersion: 109.0.5414.120, setWindowRect: true, strictFileInteractability: false, timeouts: {implicit: 0, pageLoad: 300000, script: 30000}, unhandledPromptBehavior: dismiss and notify, webauthn:extension:credBlob: true, webauthn:extension:largeBlob: true, webauthn:virtualAuthenticators: true}
Element: [[ChromeDriver: chrome on WINDOWS (48eca6c056510b247dea537c871e402a)] -> xpath: (//div[contains(@id,'row0jqxWidget')]//div[@columnindex='5'])[2]]
Session ID: 48eca6c056510b247dea537c871e402a
Click Sucessfully====Quantity grid1
element click intercepted: Element <div columnindex="5" role="gridcell" style="left: 360px; z-index: 75; width:150px;" class="jqx-grid-cell jqx-grid-cell-imms jqx-item jqx-item-imms jqx-grid-cell-edit jqx-grid-cell-edit-imms" title=""></div> is not clickable at point (450, 422). Other element would receive the click: <input autocomplete="off" style="border: 0px none; position: relative; float: left; padding: 9px 0px; text-align: right; height: 17px; width: 148px; margin-right: 2px;" type="textarea" class="jqx-input-content jqx-input-content-imms jqx-widget-content jqx-widget-content-imms" placeholder="">
  (Session info: chrome=109.0.5414.120)
Build info: version: '4.6.0', revision: '79f1c02ae20'
System info: os.name: 'Windows 10', os.arch: 'amd64', os.version: '10.0', java.version: '17.0.6'
Driver info: org.openqa.selenium.chrome.ChromeDriver
Command: [48eca6c056510b247dea537c871e402a, clickElement {id=7bea96bc-990b-475b-9a64-7061c04acedf}]
Capabilities {acceptInsecureCerts: false, browserName: chrome, browserVersion: 109.0.5414.120, chrome: {chromedriverVersion: 109.0.5414.74 (e7c5703604da..., userDataDir: C:\Users\Ankush\AppData\Loc...}, goog:chromeOptions: {debuggerAddress: localhost:55512}, networkConnectionEnabled: false, pageLoadStrategy: normal, platformName: WINDOWS, proxy: Proxy(), se:cdp: ws://localhost:55512/devtoo..., se:cdpVersion: 109.0.5414.120, setWindowRect: true, strictFileInteractability: false, timeouts: {implicit: 0, pageLoad: 300000, script: 30000}, unhandledPromptBehavior: dismiss and notify, webauthn:extension:credBlob: true, webauthn:extension:largeBlob: true, webauthn:virtualAuthenticators: true}
Element: [[ChromeDriver: chrome on WINDOWS (48eca6c056510b247dea537c871e402a)] -> xpath: (//div[contains(@id,'row0jqxWidget')]//div[@columnindex='5'])[2]]
Session ID: 48eca6c056510b247dea537c871e402a
Wait Statement Succesfully ExceutedS
Click Sucessfully==Delivery Field 1
cycle 0
Click Sucessfully==Save button
Thread succsfully applied time ==30000ms
Wait Statement Succesfully ExceutedS
New generated LRC NUmber==000345
]]></system-out>
  </testcase>
</testsuite>