<?xml version="1.0" encoding="UTF-8"?>
<!-- Generated by org.testng.reporters.JUnitReportReporter -->
<testsuite hostname="PC07" failures="0" tests="1" name="planning.AutoAllocation" time="114.928" errors="0" timestamp="2023-01-04T14:41:16 IST" skipped="0">
  <testcase classname="planning.AutoAllocation" name="AutoAllocationMK" time="114.928"/>
  <system-out>
    <![CDATA[Connection  String value succesfully send == <b>Server=PC43\SQLEXPRESS;Database=QCNHADMPETPL;uid=sa;pwd=;Max Pool Size=1000;Connection TimeOut= 3000;</b>
Username value succesfully send == <b>su</b>
Password value succesfully send == <b>us</b>
Click Sucessfully == Login Button
Dropdown  Company selected==QC's Parle Elizabeth Tools QC LTD
Dropdown  Company/Location selected==QC Site PARLE ELI-PRD
Click Sucessfully == submit Button
D:\ANKUSH\NEW_HORIZON\ConfigFiles\planning\AutoAllocationMK.properties
Click Sucessfully == PlanningModule
Click Sucessfully == AutoAllocation
SJO Item Search Field value succesfully send == <b>000074</b>
Click sucessfully==Sjo Number
Option Sucessfully Selected==<b>Sjo Number==000074</b>
Click Sucessfully==Next
Click Sucessfully==Next
Click Sucessfully==
Click Sucessfully==
Click Sucessfully==
Click Sucessfully==Want to consider safety stock?
Click Sucessfully==Want to consider minimum stock?
Click Sucessfully==Allocate child items of MK?
AutoAllocation for item successfully done!
Click Sucessfully == SAVE Button ]]>
  </system-out>
</testsuite> <!-- planning.AutoAllocation -->
