<?xml version="1.0" encoding="UTF-8"?>
<!-- Generated by org.testng.reporters.JUnitReportReporter -->
<testsuite hostname="PC106" failures="0" tests="1" name="COM.TEST.propertydemo" time="0.921" errors="0" timestamp="2022-11-25T11:14:36 IST" skipped="0">
  <testcase classname="COM.TEST.propertydemo" name="propert" time="0.921"/>
  <system-out/>
</testsuite> <!-- COM.TEST.propertydemo -->
