<?xml version="1.0" encoding="UTF-8"?>
<!-- Generated by org.testng.reporters.JUnitReportReporter -->
<testsuite hostname="PC106" failures="0" tests="1" name="COM.TEST.itemedit" time="26.660" errors="0" timestamp="2022-12-01T14:19:35 IST" skipped="0">
  <testcase classname="COM.TEST.itemedit" name="edititemmaster" time="26.660"/>
  <system-out>
    <![CDATA[Connection  String value succesfully send == <b>Server=PC43\SQLEXPRESS;Database=QCNHADMPETPL;uid=sa;pwd=;Max Pool Size=1000;Connection TimeOut= 3000;</b>
Username value succesfully send == <b>su</b>
Password value succesfully send == <b>us</b>
Click Sucessfully == Login Button
Dropdown  Company selected==QC's Parle Elizabeth Tools QC LTD
Dropdown  Company/Location selected==QC Site PARLE ELI-PRD
Click Sucessfully == submit Button
Click Sucessfully == MAterial Module
Click Sucessfully == Item MAster BAsic Details Entry
Click Sucessfully == NEXTBUTTON
Click Sucessfully == NEXTBUTTON
Click Sucessfully == NEXTBUTTON
Click Sucessfully == NEXTBUTTON
Click Sucessfully == NEXTBUTTON]]>
  </system-out>
</testsuite> <!-- COM.TEST.itemedit -->
