<?xml version="1.0" encoding="UTF-8"?>
<!-- Generated by org.testng.reporters.JUnitReportReporter -->
<testsuite hostname="PC106" failures="0" tests="1" name="COM.TEST.testlogin" time="14.550" errors="0" timestamp="2022-11-21T14:36:42 IST" skipped="0">
  <testcase classname="COM.TEST.testlogin" name="testlogin" time="14.550"/>
  <system-out/>
</testsuite> <!-- COM.TEST.testlogin -->
