<?xml version="1.0" encoding="UTF-8"?>
<!-- Generated by org.testng.reporters.JUnitReportReporter -->
<testsuite hostname="PC07" failures="0" tests="1" name="material.Uploadimg" time="69.206" errors="0" timestamp="2023-01-10T19:32:56 IST" skipped="0">
  <testcase classname="material.Uploadimg" name="uploadfile" time="69.206"/>
  <system-out>
    <![CDATA[Connection  String value succesfully send == <b>Server=PC43\SQLEXPRESS;Database=QCNHADMPETPL;uid=sa;pwd=;Max Pool Size=1000;Connection TimeOut= 3000;</b>
Username value succesfully send == <b>su</b>
Password value succesfully send == <b>us</b>
Click Sucessfully == Login Button
Dropdown  Company selected==QC's Parle Elizabeth Tools QC LTD
Dropdown  Company/Location selected==QC Site PARLE ELI-PRD
Click Sucessfully == submit Button
D:\ANKUSH\NEW_HORIZON\ConfigFiles\material\uploadfile.properties
Click Sucessfully == MAterial Module
Click Sucessfully == Item MAster BAsic Details Entry
Click Sucessfully == Add new Button
 Class value succesfully send == <b>ConductornA</b>
ItemDesc value succesfully send == <b>Friday  the ITEM DESCRIPTION it is an alloy</b>
ItemDetailDesc value succesfully send == <b>ITeM DETAILS IN DEscription.</b>
ItemaddDetailDesc value succesfully send == <b>Item add detailes decription gold is golden</b>
Click sucessfully==Class
Option Sucessfully Selected==<b>Class==ANKUS - MY FIRST CLASS</b>
Click sucessfully==Subclass
Option Sucessfully Selected==<b>Subclass==SUB11 - MY FIRST CLASS</b>
Click sucessfully==MOC
Option Sucessfully Selected==<b>MOC==ALLUMINIUN</b>
Click sucessfully==ItemType
Option Sucessfully Selected==<b>ItemType==Manufacturing</b>
Click sucessfully==UOM
Option Sucessfully Selected==<b>UOM==KG - Kilogram</b>
Click sucessfully==Filetype
Option Sucessfully Selected==<b>Filetype==XLSX - Excel files</b>
Click Sucessfully == Save Button
Screenshot taken Succesfully==D:\ANKUSH\NEW_HORIZON\ScreenShots\ConductornA.png]]>
  </system-out>
</testsuite> <!-- material.Uploadimg -->
