<?xml version="1.0" encoding="UTF-8"?>
<!-- Generated by org.testng.reporters.JUnitReportReporter -->
<testsuite hostname="PC07" failures="0" tests="4" name="purchase.LabourRateContractEntry" time="763.261" errors="0" timestamp="2023-02-08T16:50:16 IST" skipped="2">
  <testcase classname="purchase.LabourRateContractEntry" name="Login" time="20.110"/>
  <system-out>
    <![CDATA[Connection  String value succesfully send == <b>Server=PC43\SQLEXPRESS;Database=QCNHADMPETPL;uid=sa;pwd=;Max Pool Size=1000;Connection TimeOut= 3000;</b>
Username value succesfully send == <b>su</b>
Password value succesfully send == <b>super</b>
Click Sucessfully == Login Button
Dropdown  Company selected==QC's Parle Elizabeth Tools QC LTD
Dropdown  Company/Location selected==QC Site PARLE ELI-PRD
Click Sucessfully == submit Button]]>
  </system-out>
  <testcase classname="purchase.LabourRateContractEntry" name="LRC003" time="743.151"/>
  <system-out>
    <![CDATA[<b><FONT COLOR=\"1f7a1f\">Test Case ID==LRC003</FONT></b>
<b><FONT COLOR=\"1f7a1f\">Test Case Description==Test case for LRC Entry 1 item with 2 different work order number  and second item with work order work order number</FONT></b>
Click Sucessfully == Purchase Module
Click Sucessfully == Labour Rate Contract Entry
Click Sucessfully == Labour Rate Contract Entry add new button
Click Sucessfully==
Click Sucessfully==
Click Sucessfully==
Click Sucessfully==
Click Sucessfully==
Click Sucessfully==5
Click Sucessfully==
Click Sucessfully==
Click Sucessfully==
Click Sucessfully==
Click Sucessfully==
Click Sucessfully==31
Click Sucessfully == Purchase Order Information NEXTBUTTON
Click Sucessfully==
Item code Search Filed value succesfully send == <b>A020</b>
Click sucessfully==Buyer combo box
Option Sucessfully Selected==<b>Buyer combo box==HITESH K PATEL</b>
Click Sucessfully==Next
Click sucessfully==Ratestucure
Option Sucessfully Selected==<b>Ratestucure==PIG7 - BV+PKG+FRT+INS+OTH+IGST 18%+TCS</b>
Click Sucessfully==Next
Click Sucessfully==Add New
Click Sucessfully==
Item code Search Filed value succesfully send == <b>1110012B</b>
Click Sucessfully==
Click Sucessfully==22-23/WO/S1 /005697
Click Sucessfully==PV
Click Sucessfully == ItemCode1 Delivery ActionButton1
Click Sucessfully==Add New
Quantity for delivery 1 schedule value succesfully send == <b>108.9</b>
Click Sucessfully==Delivery Field 1
Delivery date 1 value succesfully send == <b>10112022</b>
Click Sucessfully==Add New
Quantity for delivery 2 schedule value succesfully send == <b>24.6</b>
Click Sucessfully==Delivery Field 1
Delivery date 2 value succesfully send == <b>15112022</b>
Click Sucessfully==Add New
Quantity for delivery 3 schedule value succesfully send == <b>30.5</b>
Click Sucessfully==Delivery Date Field3
Delivery date 3 value succesfully send == <b>18112022</b>
Click Sucessfully==Add New
Quantity for delivery 4 schedule value succesfully send == <b>91.55</b>
Click Sucessfully==Delivery Date Field4
Delivery date 4 value succesfully send == <b>25112022</b>
Click Sucessfully==Add New
Click Sucessfully==
Item code Search Filed value succesfully send == <b>1110012B</b>
Click Sucessfully==CED - CATHODIC ELECTRO DEPOSITION PROCESS
Click Sucessfully==22-23/WO/S1 /005702
Click Sucessfully==RE
Click Sucessfully == ItemCode2 Delivery ActionButton2
Click Sucessfully==Add New
Quantity for delivery 1 schedule value succesfully send == <b>10.5</b>
Click Sucessfully==Delivery Field 1
Delivery date 1 value succesfully send == <b>10112022</b>
Click Sucessfully==Add New
Quantity for delivery 2 schedule value succesfully send == <b>11.5</b>
Click Sucessfully==Delivery Field 1
Delivery date 2 value succesfully send == <b>15112022</b>
Click Sucessfully==Add New
Quantity for delivery 3 schedule value succesfully send == <b>9</b>
Click Sucessfully==Delivery Date Field3
Delivery date 3 value succesfully send == <b>18112022</b>
Click Sucessfully==Add New
Quantity for delivery 4 schedule value succesfully send == <b>13</b>
Click Sucessfully==Delivery Date Field4
Delivery date 4 value succesfully send == <b>25112022</b>
Click Sucessfully==Add New
Click Sucessfully==
Item code Search Filed value succesfully send == <b>1120023B</b>
Click Sucessfully==CED - CATHODIC ELECTRO DEPOSITION PROCESS
Click Sucessfully==22-23/WO/S1 /005487
Click Sucessfully==RE
Click Sucessfully == ItemCode3 Delivery ActionButton3
Click Sucessfully==Add New
Quantity for delivery 1 schedule value succesfully send == <b>1</b>
Click Sucessfully==Delivery Field 1
Delivery date 1 value succesfully send == <b>13112022</b>
Click Sucessfully==Save button
<b><FONT COLOR=\"1f1f7a\">New generated LRC NUmber==PV</FONT></b>]]>
  </system-out>
  <testcase classname="purchase.LabourRateContractEntry" name="LRC002">
    <skipped/>
  </testcase> <!-- LRC002 -->
  <system-out/>
  <testcase classname="purchase.LabourRateContractEntry" name="LRC001">
    <skipped/>
  </testcase> <!-- LRC001 -->
  <system-out/>
</testsuite> <!-- purchase.LabourRateContractEntry -->
