<?xml version="1.0" encoding="UTF-8"?>
<!-- Generated by org.testng.reporters.JUnitReportReporter -->
<testsuite hostname="PC106" failures="0" tests="2" name="COM.TEST1.DP" time="0.009" errors="0" timestamp="2022-11-25T15:18:58 IST" skipped="0">
  <testcase classname="COM.TEST1.DP" name="myTest" time="0.008"/>
  <system-out/>
  <testcase classname="COM.TEST1.DP" name="myTest" time="0.001"/>
  <system-out/>
</testsuite> <!-- COM.TEST1.DP -->
