<?xml version="1.0" encoding="UTF-8"?>
<!-- Generated by org.testng.reporters.JUnitReportReporter -->
<testsuite hostname="ANKUSH1111" failures="0" tests="1" name="UTILITY.demo11" time="1.342" errors="0" timestamp="2023-03-01T08:45:24 IST" skipped="0">
  <testcase classname="UTILITY.demo11" name="m1" time="1.342"/>
  <system-out/>
</testsuite> <!-- UTILITY.demo11 -->
