<?xml version="1.0" encoding="UTF-8"?>
<!-- Generated by org.testng.reporters.JUnitReportReporter -->
<testsuite hostname="PC07" failures="0" tests="1" name="planning.AutoDeAllocation" time="104.840" errors="0" timestamp="2023-01-04T19:04:22 IST" skipped="0">
  <testcase classname="planning.AutoDeAllocation" name="AutoDeAllocation" time="104.840"/>
  <system-out>
    <![CDATA[Connection  String value succesfully send == <b>Server=PC43\SQLEXPRESS;Database=QCNHADMPETPL;uid=sa;pwd=;Max Pool Size=1000;Connection TimeOut= 3000;</b>
Username value succesfully send == <b>su</b>
Password value succesfully send == <b>us</b>
Click Sucessfully == Login Button
Dropdown  Company selected==QC's Parle Elizabeth Tools QC LTD
Dropdown  Company/Location selected==QC Site PARLE ELI-PRD
Click Sucessfully == submit Button
D:\ANKUSH\NEW_HORIZON\ConfigFiles\planning\AutoDeAllocation.properties
Click Sucessfully == PlanningModule
Click Sucessfully == AutoDeAllocation
SJO Item Search Field value succesfully send == <b>000063</b>
Click sucessfully==Sjo Number
Option Sucessfully Selected==<b>Sjo Number==000063</b>
Click Sucessfully==Next
Click Sucessfully==Next
Click Sucessfully==
Click Sucessfully==
Click Sucessfully == SAVE Button 
DeAllocation for item successfully done!]]>
  </system-out>
</testsuite> <!-- planning.AutoDeAllocation -->
