<?xml version="1.0" encoding="UTF-8"?>
<!-- Generated by org.testng.reporters.JUnitReportReporter -->
<testsuite hostname="PC07" failures="0" tests="2" name="material.Test_00" time="103.876" errors="0" timestamp="2023-01-10T19:26:26 IST" skipped="1">
  <testcase classname="material.Test_00" name="Itemaddeditview" time="103.876"/>
  <system-out>
    <![CDATA[Connection  String value succesfully send == <b>Server=PC43\SQLEXPRESS;Database=QCNHADMPETPL;uid=sa;pwd=;Max Pool Size=1000;Connection TimeOut= 3000;</b>
Username value succesfully send == <b>su</b>
Password value succesfully send == <b>us</b>
Click Sucessfully == Login Button
Dropdown  Company selected==QC's Parle Elizabeth Tools QC LTD
Dropdown  Company/Location selected==QC Site PARLE ELI-PRD
Click Sucessfully == submit Button
D:\ANKUSH\NEW_HORIZON\ConfigFiles\material\Itemaddeditview.properties
Click Sucessfully == MAterial Module
Click Sucessfully == Item MAster BAsic Details Entry
Click Sucessfully == Add new Button
Item Code Field value succesfully send == <b>HSSNMCB0071</b>
ItemDesc value succesfully send == <b>MCB 3 POLE 5 AMP Description  </b>
ItemDetailDesc value succesfully send == <b>ITeM DETAILS IN DEscription of MCB 3 POLE 5 AMP Description </b>
ItemaddDetailDesc value succesfully send == <b>Item add detailes MCB 3 POLE 5 AMP Description  decription</b>
Click sucessfully==Class
Option Sucessfully Selected==<b>Class==ANKUS - MY FIRST CLASS</b>
Click sucessfully==Subclass
Option Sucessfully Selected==<b>Subclass==SUB11 - MY FIRST CLASS</b>
Click sucessfully==MOC
Option Sucessfully Selected==<b>MOC==ALLUMINIUN</b>
Click sucessfully==UOM
Option Sucessfully Selected==<b>UOM==QC - QC by Ankush</b>
Click Sucessfully == Save Button
New generated Item code==HSSNMCB0071 - MCB 3 POLE 5 AMP Description
Click Sucessfully==Item Code 
Click Sucessfully == Item Edit Button
Click sucessfully==UOM
Option Sucessfully Selected==<b>UOM==NOS - Numbers</b>
Click Sucessfully == Save Button]]>
  </system-out>
  <testcase classname="material.Test_00" name="additem">
    <skipped/>
  </testcase> <!-- additem -->
  <system-out/>
</testsuite> <!-- material.Test_00 -->
