<?xml version="1.0" encoding="UTF-8"?>
<!-- Generated by org.testng.reporters.JUnitReportReporter -->
<testsuite hostname="PC07" failures="0" tests="1" name="COM.TEST1.ReadData" time="0.807" errors="0" timestamp="2023-01-12T11:04:55 IST" skipped="0">
  <testcase classname="COM.TEST1.ReadData" name="data" time="0.807"/>
  <system-out/>
</testsuite> <!-- COM.TEST1.ReadData -->
