<?xml version="1.0" encoding="UTF-8"?>
<!-- Generated by org.testng.reporters.JUnitReportReporter -->
<testsuite hostname="PC106" failures="0" tests="1" name="COM.TEST.Warehouseinventory" time="28.191" errors="0" timestamp="2022-12-02T10:41:46 IST" skipped="0">
  <testcase classname="COM.TEST.Warehouseinventory" name="warehouseinventory" time="28.191"/>
  <system-out>
    <![CDATA[Connection  String value succesfully send == <b>Server=PC43\SQLEXPRESS;Database=QCNHADMPETPL;uid=sa;pwd=;Max Pool Size=1000;Connection TimeOut= 3000;</b>
Username value succesfully send == <b>su</b>
Password value succesfully send == <b>us</b>
Click Sucessfully == Login Button
Dropdown  Company selected==QC's Parle Elizabeth Tools QC LTD
Dropdown  Company/Location selected==QC Site PARLE ELI-PRD
Click Sucessfully == submit Button
Click Sucessfully == Stores and Inventory
Click Sucessfully == WarehouseInventory
Click Sucessfully == Editbtn
Click Sucessfully == Itemwise
Click Sucessfully == searchbtn]]>
  </system-out>
</testsuite> <!-- COM.TEST.Warehouseinventory -->
