<?xml version="1.0" encoding="UTF-8"?>
<!-- Generated by org.testng.reporters.JUnitReportReporter -->
<testsuite hostname="PC07" failures="0" tests="2" name="planning.DeAllocation" time="176.764" errors="0" timestamp="2023-01-03T18:06:47 IST" skipped="0">
  <testcase classname="planning.DeAllocation" name="DeallocationMk" time="101.508"/>
  <system-out>
    <![CDATA[Connection  String value succesfully send == <b>Server=PC43\SQLEXPRESS;Database=QCNHADMPETPL;uid=sa;pwd=;Max Pool Size=1000;Connection TimeOut= 3000;</b>
Username value succesfully send == <b>su</b>
Password value succesfully send == <b>us</b>
Click Sucessfully == Login Button
Dropdown  Company selected==QC's Parle Elizabeth Tools QC LTD
Dropdown  Company/Location selected==QC Site PARLE ELI-PRD
Click Sucessfully == submit Button
D:\ANKUSH\NEW_HORIZON\ConfigFiles\planning\DeallocationMk.properties
Click Sucessfully == PlanningModule
Click Sucessfully == Deallocation
Click Sucessfully==×
000001
000002
000005
000006
000007
000008
000009
000010
000011
000012
000013
000014
000015
000016
000017
000019
000020
000021
000022
000023
000027
000028
000029
000030
000031
000032
000033
000034
000035
000036
000038
000039
000040
000041
000042
000043
000044
000045
000046
000047
000048
000049
000051
000054
000055
000058
000061
000063
000064
000068
SJO Item Search Field value succesfully send == <b>000063</b>
Click sucessfully==Number Field
Option Sucessfully Selected==<b>Number Field==000063</b>
Click Sucessfully==Next
Click Sucessfully==
Click Sucessfully==
Click Sucessfully==[0]EC1340902A[10][10][TURRET GUARD-SILVER ANODISE]
Click Sucessfully==Chield Item Code 
Click Sucessfully == Deallocate Item
Click Sucessfully==
Deallocation Quantity Field QtyField value succesfully send == <b>2</b>
Click Sucessfully==DeAllocate Button 
DEAllocation for item successfully done!
Click Sucessfully==
Click Sucessfully==[1]EC1340902[1][2][ALLU. TURRET GUARD]
Click Sucessfully==gChield Item Code 
Click Sucessfully == deAllocate Item
Click Sucessfully==
deAllocation QtyField value succesfully send == <b>8</b>
Click Sucessfully==DEAllocate Button 
DEAllocation for item successfully done!]]>
  </system-out>
  <testcase classname="planning.DeAllocation" name="DeallocationAS" time="75.256"/>
  <system-out>
    <![CDATA[Connection  String value succesfully send == <b>Server=PC43\SQLEXPRESS;Database=QCNHADMPETPL;uid=sa;pwd=;Max Pool Size=1000;Connection TimeOut= 3000;</b>
Username value succesfully send == <b>su</b>
Password value succesfully send == <b>us</b>
Click Sucessfully == Login Button
Dropdown  Company selected==QC's Parle Elizabeth Tools QC LTD
Dropdown  Company/Location selected==QC Site PARLE ELI-PRD
Click Sucessfully == submit Button
D:\ANKUSH\NEW_HORIZON\ConfigFiles\planning\DeallocationAS.properties
Click Sucessfully == PlanningModule
Click Sucessfully == Deallocation
Click Sucessfully==×
000001
000002
000005
000006
000007
000008
000009
000010
000011
000012
000013
000014
000015
000016
000017
000019
000020
000021
000022
000023
000027
000028
000029
000030
000031
000032
000033
000034
000035
000036
000038
000039
000040
000041
000042
000043
000044
000045
000046
000047
000048
000049
000051
000054
000055
000058
000061
000063
000064
000068
SJO Item Search Field value succesfully send == <b>000043</b>
Click sucessfully==Number Field
Option Sucessfully Selected==<b>Number Field==000043</b>
Click Sucessfully==Next
Click Sucessfully==
Click Sucessfully==
Click Sucessfully==
Click Sucessfully==[1]JDT[2][0][Test for GST]
Click Sucessfully == Deallocate Item
Click Sucessfully==
Deallocation Quantity Field QtyField value succesfully send == <b>14</b>
Click Sucessfully==DeAllocate Button 
DEAllocation for item successfully done!]]>
  </system-out>
</testsuite> <!-- planning.DeAllocation -->
