<?xml version="1.0" encoding="UTF-8"?>
<!-- Generated by org.testng.reporters.JUnitReportReporter -->
<testsuite hostname="PC106" failures="0" tests="1" name="COM.TEST1.scrolltest" time="23.787" errors="0" timestamp="2022-11-22T19:26:12 IST" skipped="0">
  <testcase classname="COM.TEST1.scrolltest" name="Test_00" time="23.787"/>
  <system-out>
    <![CDATA[Browser Open 
Move to Element]]>
  </system-out>
</testsuite> <!-- COM.TEST1.scrolltest -->
