<?xml version="1.0" encoding="UTF-8"?>
<!-- Generated by org.testng.reporters.JUnitReportReporter -->
<testsuite hostname="PC106" failures="0" tests="3" name="COM.TEST1.propertydemo" time="5.618" errors="0" timestamp="2022-11-28T17:05:47 IST" skipped="0">
  <testcase classname="COM.TEST1.propertydemo" name="m3" time="3.535"/>
  <system-out/>
  <testcase classname="COM.TEST1.propertydemo" name="propert" time="2.063"/>
  <system-out/>
  <testcase classname="COM.TEST1.propertydemo" name="m2" time="0.020"/>
  <system-out/>
</testsuite> <!-- COM.TEST1.propertydemo -->
