<?xml version="1.0" encoding="UTF-8"?>
<!-- Generated by org.testng.reporters.JUnitReportReporter -->
<testsuite hostname="PC106" failures="0" tests="1" name="COM.TEST1.DProvider" time="0.014" errors="0" timestamp="2022-11-25T17:33:52 IST" skipped="0">
  <testcase classname="COM.TEST1.DProvider" name="m1" time="0.014"/>
  <system-out/>
</testsuite> <!-- COM.TEST1.DProvider -->
