<?xml version="1.0" encoding="UTF-8"?>
<!-- Generated by org.testng.reporters.JUnitReportReporter -->
<testsuite hostname="PC106" failures="0" tests="2" name="COM.TEST.Login" time="97.464" errors="0" timestamp="2022-11-24T13:12:31 IST" skipped="1">
  <testcase classname="COM.TEST.Login" name="material" time="97.464"/>
  <system-out>
    <![CDATA[Connection  String value succesfully send == <b>Server=PC43\SQLEXPRESS;Database=QCNHADMPETPL;uid=sa;pwd=;Max Pool Size=1000;Connection TimeOut= 3000;</b>
Username value succesfully send == <b>su</b>
Password value succesfully send == <b>us</b>
Click Sucessfully == Login Button
Dropdown  Company selected==QC's Parle Elizabeth Tools QC LTD
Dropdown  Company/Location selected==QC Site PARLE ELI-PRD
Click Sucessfully == submit Button
Click sucessfully==Select Class
Option Sucessfully Selected==<b>Select Class==ANKU</b>
Click sucessfully==Subclass
Option Sucessfully Selected==<b>Subclass==SUB11</b>
Click sucessfully==MOC
Option Sucessfully Selected==<b>MOC==ALLU</b>
Click sucessfully==Item Type
Option Sucessfully Selected==<b>Item Type==Manu</b>
Click sucessfully==UOM
Option Sucessfully Selected==<b>UOM==LT</b>
Screenshot taken Succesfully==D:\Users\Ankush\eclipse-workspace\NEW_HORIZON\ScreenShots\ThuNJ9mIQ9D5c.png]]>
  </system-out>
  <testcase classname="COM.TEST.Login" name="m1">
    <skipped/>
  </testcase> <!-- m1 -->
  <system-out/>
</testsuite> <!-- COM.TEST.Login -->
