<?xml version="1.0" encoding="UTF-8"?>
<!-- Generated by org.testng.reporters.JUnitReportReporter -->
<testsuite hostname="PC07" failures="0" tests="4" name="purchase.ItemMasterservice" time="397.027" errors="0" timestamp="2022-12-26T21:18:29 IST" skipped="3">
  <testcase classname="purchase.ItemMasterservice" name="itemservicemastervalidation" time="397.027"/>
  <system-out>
    <![CDATA[Connection  String value succesfully send == <b>Server=PC43\SQLEXPRESS;Database=QCNHADMPETPL;uid=sa;pwd=;Max Pool Size=1000;Connection TimeOut= 3000;</b>
Username value succesfully send == <b>su</b>
Password value succesfully send == <b>us</b>
Click Sucessfully == Login Button
Dropdown  Company selected==QC's Parle Elizabeth Tools QC LTD
Dropdown  Company/Location selected==QC Site PARLE ELI-PRD
Click Sucessfully == submit Button
Click Sucessfully == Purchase Module
Click Sucessfully == ItemMasterService
Click Sucessfully == Add New Button
serviceitemcode value succesfully send == <b>Projector service123</b>
description value succesfully send == <b>this is the service for Projector service</b>
Click sucessfully==IUOM
Option Sucessfully Selected==<b>IUOM==NOS - Numbers</b>
Click sucessfully==class field
Option Sucessfully Selected==<b>class field==SRV - SERVICE</b>
Click sucessfully== sub class field
Option Sucessfully Selected==<b> sub class field==SRV01 - SERVICES ADMINISTRATION</b>
Details Description Field value succesfully send == <b>this is the detailes description for Projector service</b>
Item code Search Filed value succesfully send == <b>A001</b>
basicprice value succesfully send == <b>535</b>
Item code Search Filed value succesfully send == <b>A066</b>
basicprice value succesfully send == <b>575</b>
Discount value Field value succesfully send == <b>245</b>]]>
  </system-out>
  <testcase classname="purchase.ItemMasterservice" name="basicentry">
    <skipped/>
  </testcase> <!-- basicentry -->
  <system-out/>
  <testcase classname="purchase.ItemMasterservice" name="itmsevcedit">
    <skipped/>
  </testcase> <!-- itmsevcedit -->
  <system-out/>
  <testcase classname="purchase.ItemMasterservice" name="itmseviceindent">
    <skipped/>
  </testcase> <!-- itmseviceindent -->
  <system-out/>
</testsuite> <!-- purchase.ItemMasterservice -->
