<?xml version="1.0" encoding="UTF-8"?>
<!-- Generated by org.testng.reporters.JUnitReportReporter -->
<testsuite hostname="PC106" failures="0" tests="4" name="COM.TEST.GRNWITHOUTPO" time="259.665" errors="0" timestamp="2022-12-13T19:44:36 IST" skipped="3">
  <testcase classname="COM.TEST.GRNWITHOUTPO" name="GrnWithoutPoedit" time="259.665"/>
  <system-out>
    <![CDATA[Connection  String value succesfully send == <b>Server=PC43\SQLEXPRESS;Database=QCNHADMPETPL;uid=sa;pwd=;Max Pool Size=1000;Connection TimeOut= 3000;</b>
Username value succesfully send == <b>su</b>
Password value succesfully send == <b>us</b>
Click Sucessfully == Login Button
Dropdown  Company selected==QC's Parle Elizabeth Tools QC LTD
Dropdown  Company/Location selected==QC Site PARLE ELI-PRD
Click Sucessfully == submit Button
Click Sucessfully == Stores & Inventory Module
Click Sucessfully == Grn without Po
Click Sucessfully == Add New Button
Item code Seacrch text box value succesfully send == <b>A001</b>
Click Sucessfully == itemsearchbtn
Click sucessfully==RAte Stucture Field
Option Sucessfully Selected==<b>RAte Stucture Field==PIG7 - BV+PKG+FRT+INS+OTH+IGST 18%+TCS</b>
Click sucessfully==WareHouse Field
Option Sucessfully Selected==<b>WareHouse Field==MYWAR - my ware house name</b>
Seriel Numbeer Field value succesfully send == <b>4</b>
basicprize text field value succesfully send == <b>10</b>
Click Sucessfully == Save Button
basicprize text field value succesfully send == <b>20</b>
Click Sucessfully == Save Button]]>
  </system-out>
  <testcase classname="COM.TEST.GRNWITHOUTPO" name="grnwithout">
    <skipped/>
  </testcase> <!-- grnwithout -->
  <system-out/>
  <testcase classname="COM.TEST.GRNWITHOUTPO" name="grnwithoutpoedit">
    <skipped/>
  </testcase> <!-- grnwithoutpoedit -->
  <system-out/>
  <testcase classname="COM.TEST.GRNWITHOUTPO" name="Grnwithoutpo">
    <skipped/>
  </testcase> <!-- Grnwithoutpo -->
  <system-out/>
</testsuite> <!-- COM.TEST.GRNWITHOUTPO -->
