<?xml version="1.0" encoding="UTF-8"?>
<!-- Generated by org.testng.reporters.JUnitReportReporter -->
<testsuite hostname="PC07" failures="0" tests="2" name="COM.TEST1.ReadWriteExcel" time="0.839" errors="0" timestamp="2022-12-22T17:51:04 IST" skipped="1">
  <testcase classname="COM.TEST1.ReadWriteExcel" name="m1" time="0.839"/>
  <system-out/>
  <testcase classname="COM.TEST1.ReadWriteExcel" name="ReadData">
    <skipped/>
  </testcase> <!-- ReadData -->
  <system-out/>
</testsuite> <!-- COM.TEST1.ReadWriteExcel -->
