<?xml version="1.0" encoding="UTF-8"?>
<!-- Generated by org.testng.reporters.JUnitReportReporter -->
<testsuite hostname="PC106" failures="0" tests="2" name="COM.TEST.pomaintenancenew" time="201.981" errors="0" timestamp="2022-12-07T15:43:55 IST" skipped="1">
  <testcase classname="COM.TEST.pomaintenancenew" name="m2" time="201.981"/>
  <system-out>
    <![CDATA[Connection  String value succesfully send == <b>Server=PC43\SQLEXPRESS;Database=QCNHADMPETPL;uid=sa;pwd=;Max Pool Size=1000;Connection TimeOut= 3000;</b>
Username value succesfully send == <b>su</b>
Password value succesfully send == <b>us</b>
Click Sucessfully == Login Button
Dropdown  Company selected==QC's Parle Elizabeth Tools QC LTD
Dropdown  Company/Location selected==QC Site PARLE ELI-PRD
Click Sucessfully == submit Button
Click Sucessfully == Purchasemodule
Click Sucessfully == Po  mainteance New
Click Sucessfully == Add New Btn
Click sucessfully==buyer
Option Sucessfully Selected==<b>buyer==HKP - HITESH K PATEL</b>
Click sucessfully==Structure rate
Option Sucessfully Selected==<b>Structure rate==PIG1 - BV+PKG+FRT+INS+OTH+IGST 5%</b>]]>
  </system-out>
  <testcase classname="COM.TEST.pomaintenancenew" name="m1">
    <skipped/>
  </testcase> <!-- m1 -->
  <system-out/>
</testsuite> <!-- COM.TEST.pomaintenancenew -->
