<?xml version="1.0" encoding="UTF-8"?>
<!-- Generated by org.testng.reporters.JUnitReportReporter -->
<testsuite hostname="PC07" failures="0" tests="3" name="planning.Forecastorder" time="344.168" errors="0" timestamp="2022-12-28T13:03:38 IST" skipped="2">
  <testcase classname="planning.Forecastorder" name="forecastorderedit" time="344.168"/>
  <system-out>
    <![CDATA[Connection  String value succesfully send == <b>Server=PC43\SQLEXPRESS;Database=QCNHADMPETPL;uid=sa;pwd=;Max Pool Size=1000;Connection TimeOut= 3000;</b>
Username value succesfully send == <b>su</b>
Password value succesfully send == <b>us</b>
Click Sucessfully == Login Button
Dropdown  Company selected==QC's Parle Elizabeth Tools QC LTD
Dropdown  Company/Location selected==QC Site PARLE ELI-PRD
Click Sucessfully == submit Button
Click Sucessfully == PlanningModule
Click Sucessfully == Forecastorder
Click Sucessfully == AddNewBtn
Click sucessfully== Forecast order Group
Option Sucessfully Selected==<b> Forecast order Group==FO - FORECAST ORDER</b>
Click sucessfully==Forecast Order Site
Option Sucessfully Selected==<b>Forecast Order Site==S1 - QC Site PARLE ELI-PRD</b>
Item code Search Filed value succesfully send == <b>1110012B</b>
Quantity of 1st Item  value succesfully send == <b>100</b>
Item code Search Filed value succesfully send == <b>19021997MCB</b>
Quantity of 2nd Item  value succesfully send == <b>200</b>
Click Sucessfully == Edit Button
Quantity of 1st Item  value succesfully send == <b>225</b>
Quantity of 2nd Item  value succesfully send == <b>335</b>]]>
  </system-out>
  <testcase classname="planning.Forecastorder" name="forecastorderview">
    <skipped/>
  </testcase> <!-- forecastorderview -->
  <system-out/>
  <testcase classname="planning.Forecastorder" name="forecastorderbasicentry">
    <skipped/>
  </testcase> <!-- forecastorderbasicentry -->
  <system-out/>
</testsuite> <!-- planning.Forecastorder -->
