<?xml version="1.0" encoding="UTF-8"?>
<!-- Generated by org.testng.reporters.JUnitReportReporter -->
<testsuite hostname="PC07" failures="0" tests="3" name="crm.dcgeneralentry" time="278.524" errors="1" timestamp="2022-12-20T12:42:04 IST" skipped="2">
  <testcase classname="crm.dcgeneralentry" name="editview" time="278.524">
    <error message="Expected condition failed: waiting for visibility of [[EdgeDriver: msedge on WINDOWS (74dcc9e17227a7aa4da25624b9517175)] -&gt; xpath: //button[@class=&#039;btn btn-orange-outline mr-2&#039;]] (tried for 100 second(s) with 500 milliseconds interval)
Build info: version: &#039;4.6.0&#039;, revision: &#039;79f1c02ae20&#039;
System info: os.name: &#039;Windows 10&#039;, os.arch: &#039;amd64&#039;, os.version: &#039;10.0&#039;, java.version: &#039;19.0.1&#039;
Driver info: org.openqa.selenium.edge.EdgeDriver
Capabilities {acceptInsecureCerts: false, browserName: msedge, browserVersion: 108.0.1462.54, ms:edgeOptions: {debuggerAddress: localhost:54341}, msedge: {msedgedriverVersion: 108.0.1462.54 (c2998c8c6617..., userDataDir: C:\Users\Ankush\AppData\Loc...}, networkConnectionEnabled: false, pageLoadStrategy: normal, platformName: WINDOWS, proxy: Proxy(), se:cdp: ws://localhost:54341/devtoo..., se:cdpVersion: 108.0.1462.54, setWindowRect: true, strictFileInteractability: false, timeouts: {implicit: 0, pageLoad: 300000, script: 30000}, unhandledPromptBehavior: dismiss and notify, webauthn:extension:credBlob: true, webauthn:extension:largeBlob: true, webauthn:virtualAuthenticators: true}
Session ID: 74dcc9e17227a7aa4da25624b9517175" type="org.openqa.selenium.TimeoutException">
      <![CDATA[org.openqa.selenium.TimeoutException: Expected condition failed: waiting for visibility of [[EdgeDriver: msedge on WINDOWS (74dcc9e17227a7aa4da25624b9517175)] -> xpath: //button[@class='btn btn-orange-outline mr-2']] (tried for 100 second(s) with 500 milliseconds interval)
Build info: version: '4.6.0', revision: '79f1c02ae20'
System info: os.name: 'Windows 10', os.arch: 'amd64', os.version: '10.0', java.version: '19.0.1'
Driver info: org.openqa.selenium.edge.EdgeDriver
Capabilities {acceptInsecureCerts: false, browserName: msedge, browserVersion: 108.0.1462.54, ms:edgeOptions: {debuggerAddress: localhost:54341}, msedge: {msedgedriverVersion: 108.0.1462.54 (c2998c8c6617..., userDataDir: C:\Users\Ankush\AppData\Loc...}, networkConnectionEnabled: false, pageLoadStrategy: normal, platformName: WINDOWS, proxy: Proxy(), se:cdp: ws://localhost:54341/devtoo..., se:cdpVersion: 108.0.1462.54, setWindowRect: true, strictFileInteractability: false, timeouts: {implicit: 0, pageLoad: 300000, script: 30000}, unhandledPromptBehavior: dismiss and notify, webauthn:extension:credBlob: true, webauthn:extension:largeBlob: true, webauthn:virtualAuthenticators: true}
Session ID: 74dcc9e17227a7aa4da25624b9517175
at org.openqa.selenium.support.ui.WebDriverWait.timeoutException(WebDriverWait.java:87)
at org.openqa.selenium.support.ui.FluentWait.until(FluentWait.java:231)
at com.utility.Library.Explicitlywait(Library.java:314)
at com.utility.Library.dClick(Library.java:339)
at crm.dcgeneralentry.editview(dcgeneralentry.java:406)
at java.base/jdk.internal.reflect.DirectMethodHandleAccessor.invoke(DirectMethodHandleAccessor.java:104)
at java.base/java.lang.reflect.Method.invoke(Method.java:578)
at org.testng.internal.MethodInvocationHelper.invokeMethod(MethodInvocationHelper.java:132)
at org.testng.internal.TestInvoker.invokeMethod(TestInvoker.java:599)
at org.testng.internal.TestInvoker.invokeTestMethod(TestInvoker.java:174)
at org.testng.internal.MethodRunner.runInSequence(MethodRunner.java:46)
at org.testng.internal.TestInvoker$MethodInvocationAgent.invoke(TestInvoker.java:822)
at org.testng.internal.TestInvoker.invokeTestMethods(TestInvoker.java:147)
at org.testng.internal.TestMethodWorker.invokeTestMethods(TestMethodWorker.java:146)
at org.testng.internal.TestMethodWorker.run(TestMethodWorker.java:128)
at java.base/java.util.ArrayList.forEach(ArrayList.java:1511)
at org.testng.TestRunner.privateRun(TestRunner.java:764)
at org.testng.TestRunner.run(TestRunner.java:585)
at org.testng.SuiteRunner.runTest(SuiteRunner.java:384)
at org.testng.SuiteRunner.runSequentially(SuiteRunner.java:378)
at org.testng.SuiteRunner.privateRun(SuiteRunner.java:337)
at org.testng.SuiteRunner.run(SuiteRunner.java:286)
at org.testng.SuiteRunnerWorker.runSuite(SuiteRunnerWorker.java:53)
at org.testng.SuiteRunnerWorker.run(SuiteRunnerWorker.java:96)
at org.testng.TestNG.runSuitesSequentially(TestNG.java:1218)
at org.testng.TestNG.runSuitesLocally(TestNG.java:1140)
at org.testng.TestNG.runSuites(TestNG.java:1069)
at org.testng.TestNG.run(TestNG.java:1037)
at org.apache.maven.surefire.testng.TestNGExecutor.run(TestNGExecutor.java:324)
at org.apache.maven.surefire.testng.TestNGXmlTestSuite.execute(TestNGXmlTestSuite.java:74)
at org.apache.maven.surefire.testng.TestNGProvider.invoke(TestNGProvider.java:123)
at org.apache.maven.surefire.booter.ForkedBooter.runSuitesInProcess(ForkedBooter.java:456)
at org.apache.maven.surefire.booter.ForkedBooter.execute(ForkedBooter.java:169)
at org.apache.maven.surefire.booter.ForkedBooter.run(ForkedBooter.java:595)
at org.apache.maven.surefire.booter.ForkedBooter.main(ForkedBooter.java:581)
]]>
    </error>
  </testcase> <!-- editview -->
  <system-out>
Connection  String value succesfully send == <b>Server=PC43\SQLEXPRESS;Database=QCNHADMPETPL;uid=sa;pwd=;Max Pool Size=1000;Connection TimeOut= 3000;</b> Username value succesfully send == <b>su</b> Password value succesfully send == <b>us</b> Click Sucessfully == Login Button Dropdown  Company selected==QC's Parle Elizabeth Tools QC LTD Dropdown  Company/Location selected==QC Site PARLE ELI-PRD Click Sucessfully == submit Button Click Sucessfully == CRM Module Click Sucessfully == DCGeneralentry Click Sucessfully == Add New Button <b><FONT COLOR="#ff0000"> INVALID  Option/No such Option Present ==</FONT></b><b><FONT COLOR="#0000ff">DCGroup Field==DF</FONT></b> element click intercepted: Element <ng-select _ngcontent-tbu-c16="" bindlabel="code" bindvalue="code" class="ng-select ng-select-single ng-select-searchable ng-select-clearable ng-untouched ng-pristine ng-valid" formcontrolname="dcGroup" placeholder="" role="listbox">...</ng-select> is not clickable at point (325, 296). Other element would receive the click: <div _ngcontent-tbu-c5="" class="ngx-overlay loading-foreground" style="background-color: rgba(40, 40, 40, 0.8); border-radius: 0px;">...</div>
  (Session info: MicrosoftEdge=108.0.1462.54)
Build info: version: '4.6.0', revision: '79f1c02ae20'
System info: os.name: 'Windows 10', os.arch: 'amd64', os.version: '10.0', java.version: '19.0.1'
Driver info: org.openqa.selenium.edge.EdgeDriver
Command: [74dcc9e17227a7aa4da25624b9517175, clickElement {id=46acca89-f334-48a1-a756-18457ff9fd2b}]
Capabilities {acceptInsecureCerts: false, browserName: msedge, browserVersion: 108.0.1462.54, ms:edgeOptions: {debuggerAddress: localhost:54341}, msedge: {msedgedriverVersion: 108.0.1462.54 (c2998c8c6617..., userDataDir: C:\Users\Ankush\AppData\Loc...}, networkConnectionEnabled: false, pageLoadStrategy: normal, platformName: WINDOWS, proxy: Proxy(), se:cdp: ws://localhost:54341/devtoo..., se:cdpVersion: 108.0.1462.54, setWindowRect: true, strictFileInteractability: false, timeouts: {implicit: 0, pageLoad: 300000, script: 30000}, unhandledPromptBehavior: dismiss and notify, webauthn:extension:credBlob: true, webauthn:extension:largeBlob: true, webauthn:virtualAuthenticators: true}
Element: [[EdgeDriver: msedge on WINDOWS (74dcc9e17227a7aa4da25624b9517175)] -> xpath: //ng-select[@formcontrolname='dcGroup']]
Session ID: 74dcc9e17227a7aa4da25624b9517175 <b><FONT COLOR="#ff0000"> INVALID  Option/No such Option Present ==</FONT></b><b><FONT COLOR="#0000ff">DCsite Field==S1</FONT></b> element click intercepted: Element <ng-select _ngcontent-tbu-c16="" bindlabel="siteCode" bindvalue="siteCode" class="ng-select ng-select-single ng-select-searchable ng-select-clearable ng-untouched ng-pristine ng-invalid" formcontrolname="dcSite" placeholder="" role="listbox">...</ng-select> is not clickable at point (542, 296). Other element would receive the click: <div _ngcontent-tbu-c5="" class="ngx-overlay loading-foreground" style="background-color: rgba(40, 40, 40, 0.8); border-radius: 0px;">...</div>
  (Session info: MicrosoftEdge=108.0.1462.54)
Build info: version: '4.6.0', revision: '79f1c02ae20'
System info: os.name: 'Windows 10', os.arch: 'amd64', os.version: '10.0', java.version: '19.0.1'
Driver info: org.openqa.selenium.edge.EdgeDriver
Command: [74dcc9e17227a7aa4da25624b9517175, clickElement {id=9ab80f3d-5253-4923-8570-0a15b249ec67}]
Capabilities {acceptInsecureCerts: false, browserName: msedge, browserVersion: 108.0.1462.54, ms:edgeOptions: {debuggerAddress: localhost:54341}, msedge: {msedgedriverVersion: 108.0.1462.54 (c2998c8c6617..., userDataDir: C:\Users\Ankush\AppData\Loc...}, networkConnectionEnabled: false, pageLoadStrategy: normal, platformName: WINDOWS, proxy: Proxy(), se:cdp: ws://localhost:54341/devtoo..., se:cdpVersion: 108.0.1462.54, setWindowRect: true, strictFileInteractability: false, timeouts: {implicit: 0, pageLoad: 300000, script: 30000}, unhandledPromptBehavior: dismiss and notify, webauthn:extension:credBlob: true, webauthn:extension:largeBlob: true, webauthn:virtualAuthenticators: true}
Element: [[EdgeDriver: msedge on WINDOWS (74dcc9e17227a7aa4da25624b9517175)] -> xpath: //ng-select[@formcontrolname='dcSite']]
Session ID: 74dcc9e17227a7aa4da25624b9517175 Click sucessfully==ReasonForDC Option Sucessfully Selected==<b>ReasonForDC==MC - FOR MACHINING</b> Click sucessfully==Dc for Option Sucessfully Selected==<b>Dc for==Customer</b> Item code Seacrch text box value succesfully send == <b>A001</b> Click Sucessfully == itemsearchbtn <b><FONT COLOR="#ff0000"> INVALID  Option/No such Option Present ==</FONT></b><b><FONT COLOR="#0000ff">Shipment COMBOBOX==CADD</FONT></b> element click intercepted: Element <ng-select _ngcontent-tbu-c16="" bindlabel="shipmentCode" bindvalue="shipmentCode" class="ng-select ng-select-single ng-select-searchable ng-select-clearable ng-untouched ng-pristine ng-invalid" formcontrolname="shipmentDC" placeholder="" role="listbox">...</ng-select> is not clickable at point (108, 415). Other element would receive the click: <div _ngcontent-tbu-c5="" class="ngx-overlay loading-foreground" style="background-color: rgba(40, 40, 40, 0.8); border-radius: 0px;">...</div>
  (Session info: MicrosoftEdge=108.0.1462.54)
Build info: version: '4.6.0', revision: '79f1c02ae20'
System info: os.name: 'Windows 10', os.arch: 'amd64', os.version: '10.0', java.version: '19.0.1'
Driver info: org.openqa.selenium.edge.EdgeDriver
Command: [74dcc9e17227a7aa4da25624b9517175, clickElement {id=1df2a4de-0726-4bc7-a856-06a47339ee9f}]
Capabilities {acceptInsecureCerts: false, browserName: msedge, browserVersion: 108.0.1462.54, ms:edgeOptions: {debuggerAddress: localhost:54341}, msedge: {msedgedriverVersion: 108.0.1462.54 (c2998c8c6617..., userDataDir: C:\Users\Ankush\AppData\Loc...}, networkConnectionEnabled: false, pageLoadStrategy: normal, platformName: WINDOWS, proxy: Proxy(), se:cdp: ws://localhost:54341/devtoo..., se:cdpVersion: 108.0.1462.54, setWindowRect: true, strictFileInteractability: false, timeouts: {implicit: 0, pageLoad: 300000, script: 30000}, unhandledPromptBehavior: dismiss and notify, webauthn:extension:credBlob: true, webauthn:extension:largeBlob: true, webauthn:virtualAuthenticators: true}
Element: [[EdgeDriver: msedge on WINDOWS (74dcc9e17227a7aa4da25624b9517175)] -> xpath: //ng-select[@formcontrolname='shipmentDC']]
Session ID: 74dcc9e17227a7aa4da25624b9517175 Click sucessfully==Employee COMBOBOX Option Sucessfully Selected==<b>Employee COMBOBOX==VMK - VIJAY KANCHA</b> Click sucessfully==Retestucture COMBOBOX Option Sucessfully Selected==<b>Retestucture COMBOBOX==SIG1 - BV+PKG+FRT+INS+OTH+IGST 5% (GOODS)</b> Screenshot taken Succesfully==D:\ANKUSH\NEW_HORIZON\ScreenShots\Failure.png  </system-out>
  <testcase classname="crm.dcgeneralentry" name="dcGentry1item">
    <skipped/>
  </testcase> <!-- dcGentry1item -->
  <system-out/>
  <testcase classname="crm.dcgeneralentry" name="dcgeneral2itemedit">
    <skipped/>
  </testcase> <!-- dcgeneral2itemedit -->
  <system-out/>
</testsuite> <!-- crm.dcgeneralentry -->
