<?xml version="1.0" encoding="UTF-8"?>
<!-- Generated by org.testng.reporters.JUnitReportReporter -->
<testsuite hostname="PC07" failures="0" tests="2" name="planning.Allocation" time="286.461" errors="0" timestamp="2023-01-03T18:37:07 IST" skipped="0">
  <testcase classname="planning.Allocation" name="AllocationMK" time="191.820"/>
  <system-out>
Connection  String value succesfully send == <b>Server=PC43\SQLEXPRESS;Database=QCNHADMPETPL;uid=sa;pwd=;Max Pool Size=1000;Connection TimeOut= 3000;</b> Username value succesfully send == <b>su</b> Password value succesfully send == <b>us</b> Click Sucessfully == Login Button Dropdown  Company selected==QC's Parle Elizabeth Tools QC LTD Dropdown  Company/Location selected==QC Site PARLE ELI-PRD Click Sucessfully == submit Button D:\ANKUSH\NEW_HORIZON\ConfigFiles\planning\AllocationMK.properties Click Sucessfully == PlanningModule Click Sucessfully == Allocation/WoCreation Click Sucessfully == AddNewBtn SJO Item Search Field value succesfully send == <b>000063</b> Click Sucessfully==Next Click Sucessfully==[0]EC1340902A[10][10][TURRET GUARD-SILVER ANODISE] Click Sucessfully==[1]EC1340902P[1][10][ALUMINIUM TURRET GUARD WIRE CUT] Click Sucessfully==Chield Item Code  Click Sucessfully== Click Sucessfully == Allocate Item Click Sucessfully== Allocation QtyField value succesfully send == <b>2</b> Click Sucessfully==Allocate Button  Click Sucessfully==Allocate Button  Allocation for item successfully done! Click Sucessfully==[1]EC1340902[1][8][ALLU. TURRET GUARD] Click Sucessfully==gChield Item Code  Click Sucessfully == Allocate Item Click Sucessfully== Allocation QtyField value succesfully send == <b>8</b> Click Sucessfully==Allocate Button  Click Sucessfully==Allocate Button  Allocation for item successfully done!  </system-out>
  <testcase classname="planning.Allocation" name="AllocationAS" time="94.641"/>
  <system-out>
Connection  String value succesfully send == <b>Server=PC43\SQLEXPRESS;Database=QCNHADMPETPL;uid=sa;pwd=;Max Pool Size=1000;Connection TimeOut= 3000;</b> Username value succesfully send == <b>su</b> Password value succesfully send == <b>us</b> Click Sucessfully == Login Button Dropdown  Company selected==QC's Parle Elizabeth Tools QC LTD Dropdown  Company/Location selected==QC Site PARLE ELI-PRD Click Sucessfully == submit Button D:\ANKUSH\NEW_HORIZON\ConfigFiles\planning\AllocationAS.properties Click Sucessfully == PlanningModule Click Sucessfully == Allocation/WoCreation Click Sucessfully == AddNewBtn SJO Item Search Field value succesfully send == <b>000043</b> Click Sucessfully==Next Click Sucessfully==[0]JDPAS[25][0][JDP main AS] Click Sucessfully==[1]JDP P[1][0][JDP Parent] Click Sucessfully==Chield Item Code  Click Sucessfully== Click Sucessfully== Click Sucessfully==[1]JDT[2][14][Test for GST] Click Sucessfully == Allocate Item Click Sucessfully== Allocation QtyField value succesfully send == <b>14</b> Click Sucessfully==Allocate Button  Click Sucessfully==Allocate Button  Allocation for item successfully done!  </system-out>
</testsuite> <!-- planning.Allocation -->
